{"C:\\Users\\ASUA\\Documents\\2nd Year\\Individual Web Project\\Khaja_Point_Web\\Backend\\src\\server.js": {"path":"C:\\Users\\ASUA\\Documents\\2nd Year\\Individual Web Project\\Khaja_Point_Web\\Backend\\src\\server.js","statementMap":{"0":{"start":{"line":1,"column":16},"end":{"line":1,"column":34}},"1":{"start":{"line":2,"column":13},"end":{"line":2,"column":28}},"2":{"start":{"line":3,"column":13},"end":{"line":3,"column":28}},"3":{"start":{"line":4,"column":15},"end":{"line":4,"column":32}},"4":{"start":{"line":6,"column":0},"end":{"line":6,"column":16}},"5":{"start":{"line":8,"column":12},"end":{"line":8,"column":21}},"6":{"start":{"line":9,"column":15},"end":{"line":9,"column":37}},"7":{"start":{"line":11,"column":0},"end":{"line":11,"column":16}},"8":{"start":{"line":12,"column":0},"end":{"line":12,"column":24}},"9":{"start":{"line":14,"column":0},"end":{"line":21,"column":3}},"10":{"start":{"line":15,"column":2},"end":{"line":20,"column":5}},"11":{"start":{"line":24,"column":19},"end":{"line":24,"column":37}},"12":{"start":{"line":25,"column":0},"end":{"line":25,"column":37}},"13":{"start":{"line":27,"column":13},"end":{"line":27,"column":37}},"14":{"start":{"line":29,"column":25},"end":{"line":29,"column":44}},"15":{"start":{"line":30,"column":0},"end":{"line":30,"column":21}},"16":{"start":{"line":33,"column":2},"end":{"line":44,"column":7}},"17":{"start":{"line":35,"column":6},"end":{"line":38,"column":9}},"18":{"start":{"line":37,"column":8},"end":{"line":37,"column":81}},"19":{"start":{"line":42,"column":6},"end":{"line":42,"column":44}},"20":{"start":{"line":43,"column":6},"end":{"line":43,"column":22}},"21":{"start":{"line":47,"column":0},"end":{"line":49,"column":1}},"22":{"start":{"line":48,"column":2},"end":{"line":48,"column":16}},"23":{"start":{"line":51,"column":0},"end":{"line":51,"column":21}}},"fnMap":{"0":{"name":"(anonymous_0)","decl":{"start":{"line":14,"column":19},"end":{"line":14,"column":20}},"loc":{"start":{"line":14,"column":33},"end":{"line":21,"column":1}},"line":14},"1":{"name":"startServer","decl":{"start":{"line":32,"column":9},"end":{"line":32,"column":20}},"loc":{"start":{"line":32,"column":23},"end":{"line":45,"column":1}},"line":32},"2":{"name":"(anonymous_2)","decl":{"start":{"line":34,"column":10},"end":{"line":34,"column":11}},"loc":{"start":{"line":34,"column":16},"end":{"line":39,"column":5}},"line":34},"3":{"name":"(anonymous_3)","decl":{"start":{"line":35,"column":26},"end":{"line":35,"column":27}},"loc":{"start":{"line":35,"column":32},"end":{"line":38,"column":7}},"line":35},"4":{"name":"(anonymous_4)","decl":{"start":{"line":40,"column":11},"end":{"line":40,"column":12}},"loc":{"start":{"line":40,"column":20},"end":{"line":44,"column":5}},"line":40}},"branchMap":{"0":{"loc":{"start":{"line":27,"column":13},"end":{"line":27,"column":37}},"type":"binary-expr","locations":[{"start":{"line":27,"column":13},"end":{"line":27,"column":29}},{"start":{"line":27,"column":33},"end":{"line":27,"column":37}}],"line":27},"1":{"loc":{"start":{"line":47,"column":0},"end":{"line":49,"column":1}},"type":"if","locations":[{"start":{"line":47,"column":0},"end":{"line":49,"column":1}},{"start":{},"end":{}}],"line":47}},"s":{"0":5,"1":5,"2":5,"3":5,"4":5,"5":5,"6":5,"7":5,"8":5,"9":5,"10":1,"11":5,"12":5,"13":5,"14":5,"15":5,"16":0,"17":0,"18":0,"19":0,"20":0,"21":5,"22":0,"23":5},"f":{"0":1,"1":0,"2":0,"3":0,"4":0},"b":{"0":[5,0],"1":[0,5]},"_coverageSchema":"1a1c01bbd47fc00a2c39e90264f33305004495a9","hash":"11a16ffb3b5cab294f35f257245664ee9d99c802"}
,"C:\\Users\\ASUA\\Documents\\2nd Year\\Individual Web Project\\Khaja_Point_Web\\Backend\\src\\socket.js": {"path":"C:\\Users\\ASUA\\Documents\\2nd Year\\Individual Web Project\\Khaja_Point_Web\\Backend\\src\\socket.js","statementMap":{"0":{"start":{"line":1,"column":19},"end":{"line":1,"column":39}},"1":{"start":{"line":3,"column":9},"end":{"line":3,"column":13}},"2":{"start":{"line":6,"column":2},"end":{"line":11,"column":5}},"3":{"start":{"line":13,"column":2},"end":{"line":25,"column":5}},"4":{"start":{"line":14,"column":4},"end":{"line":18,"column":7}},"5":{"start":{"line":15,"column":22},"end":{"line":15,"column":38}},"6":{"start":{"line":16,"column":6},"end":{"line":16,"column":27}},"7":{"start":{"line":16,"column":20},"end":{"line":16,"column":27}},"8":{"start":{"line":17,"column":6},"end":{"line":17,"column":38}},"9":{"start":{"line":20,"column":4},"end":{"line":24,"column":7}},"10":{"start":{"line":21,"column":22},"end":{"line":21,"column":38}},"11":{"start":{"line":22,"column":6},"end":{"line":22,"column":27}},"12":{"start":{"line":22,"column":20},"end":{"line":22,"column":27}},"13":{"start":{"line":23,"column":6},"end":{"line":23,"column":39}},"14":{"start":{"line":27,"column":2},"end":{"line":27,"column":12}},"15":{"start":{"line":31,"column":2},"end":{"line":31,"column":39}},"16":{"start":{"line":31,"column":32},"end":{"line":31,"column":39}},"17":{"start":{"line":32,"column":2},"end":{"line":32,"column":67}},"18":{"start":{"line":36,"column":2},"end":{"line":36,"column":39}},"19":{"start":{"line":36,"column":32},"end":{"line":36,"column":39}},"20":{"start":{"line":37,"column":2},"end":{"line":37,"column":70}},"21":{"start":{"line":40,"column":0},"end":{"line":44,"column":2}}},"fnMap":{"0":{"name":"attachSocket","decl":{"start":{"line":5,"column":9},"end":{"line":5,"column":21}},"loc":{"start":{"line":5,"column":30},"end":{"line":28,"column":1}},"line":5},"1":{"name":"(anonymous_1)","decl":{"start":{"line":13,"column":22},"end":{"line":13,"column":23}},"loc":{"start":{"line":13,"column":34},"end":{"line":25,"column":3}},"line":13},"2":{"name":"(anonymous_2)","decl":{"start":{"line":14,"column":28},"end":{"line":14,"column":29}},"loc":{"start":{"line":14,"column":41},"end":{"line":18,"column":5}},"line":14},"3":{"name":"(anonymous_3)","decl":{"start":{"line":20,"column":29},"end":{"line":20,"column":30}},"loc":{"start":{"line":20,"column":42},"end":{"line":24,"column":5}},"line":20},"4":{"name":"emitOrderUpdate","decl":{"start":{"line":30,"column":9},"end":{"line":30,"column":24}},"loc":{"start":{"line":30,"column":34},"end":{"line":33,"column":1}},"line":30},"5":{"name":"emitCourierLocation","decl":{"start":{"line":35,"column":9},"end":{"line":35,"column":28}},"loc":{"start":{"line":35,"column":38},"end":{"line":38,"column":1}},"line":35}},"branchMap":{"0":{"loc":{"start":{"line":16,"column":6},"end":{"line":16,"column":27}},"type":"if","locations":[{"start":{"line":16,"column":6},"end":{"line":16,"column":27}},{"start":{},"end":{}}],"line":16},"1":{"loc":{"start":{"line":22,"column":6},"end":{"line":22,"column":27}},"type":"if","locations":[{"start":{"line":22,"column":6},"end":{"line":22,"column":27}},{"start":{},"end":{}}],"line":22},"2":{"loc":{"start":{"line":31,"column":2},"end":{"line":31,"column":39}},"type":"if","locations":[{"start":{"line":31,"column":2},"end":{"line":31,"column":39}},{"start":{},"end":{}}],"line":31},"3":{"loc":{"start":{"line":31,"column":6},"end":{"line":31,"column":30}},"type":"binary-expr","locations":[{"start":{"line":31,"column":6},"end":{"line":31,"column":9}},{"start":{"line":31,"column":13},"end":{"line":31,"column":30}}],"line":31},"4":{"loc":{"start":{"line":36,"column":2},"end":{"line":36,"column":39}},"type":"if","locations":[{"start":{"line":36,"column":2},"end":{"line":36,"column":39}},{"start":{},"end":{}}],"line":36},"5":{"loc":{"start":{"line":36,"column":6},"end":{"line":36,"column":30}},"type":"binary-expr","locations":[{"start":{"line":36,"column":6},"end":{"line":36,"column":9}},{"start":{"line":36,"column":13},"end":{"line":36,"column":30}}],"line":36}},"s":{"0":5,"1":5,"2":5,"3":5,"4":0,"5":0,"6":0,"7":0,"8":0,"9":0,"10":0,"11":0,"12":0,"13":0,"14":5,"15":0,"16":0,"17":0,"18":0,"19":0,"20":0,"21":5},"f":{"0":5,"1":0,"2":0,"3":0,"4":0,"5":0},"b":{"0":[0,0],"1":[0,0],"2":[0,0],"3":[0,0],"4":[0,0],"5":[0,0]},"_coverageSchema":"1a1c01bbd47fc00a2c39e90264f33305004495a9","hash":"189d081e3bb7a4bfe43e77b055c7e744fc37bca5"}
,"C:\\Users\\ASUA\\Documents\\2nd Year\\Individual Web Project\\Khaja_Point_Web\\Backend\\src\\db\\db.js": {"path":"C:\\Users\\ASUA\\Documents\\2nd Year\\Individual Web Project\\Khaja_Point_Web\\Backend\\src\\db\\db.js","statementMap":{"0":{"start":{"line":7,"column":15},"end":{"line":7,"column":37}},"1":{"start":{"line":8,"column":17},"end":{"line":8,"column":38}},"2":{"start":{"line":11,"column":2},"end":{"line":11,"column":36}},"3":{"start":{"line":14,"column":0},"end":{"line":14,"column":51}}},"fnMap":{"0":{"name":"usePostgres","decl":{"start":{"line":10,"column":9},"end":{"line":10,"column":20}},"loc":{"start":{"line":10,"column":23},"end":{"line":12,"column":1}},"line":10}},"branchMap":{"0":{"loc":{"start":{"line":14,"column":17},"end":{"line":14,"column":50}},"type":"cond-expr","locations":[{"start":{"line":14,"column":33},"end":{"line":14,"column":41}},{"start":{"line":14,"column":44},"end":{"line":14,"column":50}}],"line":14}},"s":{"0":4,"1":4,"2":4,"3":4},"f":{"0":4},"b":{"0":[0,4]},"_coverageSchema":"1a1c01bbd47fc00a2c39e90264f33305004495a9","hash":"83e8633ca40287c40cb417c36f0f103101521b5e"}
,"C:\\Users\\ASUA\\Documents\\2nd Year\\Individual Web Project\\Khaja_Point_Web\\Backend\\src\\db\\db.sqlite.js": {"path":"C:\\Users\\ASUA\\Documents\\2nd Year\\Individual Web Project\\Khaja_Point_Web\\Backend\\src\\db\\db.sqlite.js","statementMap":{"0":{"start":{"line":1,"column":13},"end":{"line":1,"column":28}},"1":{"start":{"line":2,"column":16},"end":{"line":2,"column":34}},"2":{"start":{"line":4,"column":16},"end":{"line":4,"column":83}},"3":{"start":{"line":6,"column":17},"end":{"line":6,"column":21}},"4":{"start":{"line":9,"column":2},"end":{"line":9,"column":36}},"5":{"start":{"line":9,"column":18},"end":{"line":9,"column":36}},"6":{"start":{"line":11,"column":2},"end":{"line":16,"column":5}},"7":{"start":{"line":12,"column":4},"end":{"line":15,"column":5}},"8":{"start":{"line":14,"column":6},"end":{"line":14,"column":60}},"9":{"start":{"line":18,"column":2},"end":{"line":18,"column":20}},"10":{"start":{"line":22,"column":2},"end":{"line":27,"column":5}},"11":{"start":{"line":23,"column":4},"end":{"line":26,"column":7}},"12":{"start":{"line":24,"column":6},"end":{"line":24,"column":34}},"13":{"start":{"line":24,"column":15},"end":{"line":24,"column":34}},"14":{"start":{"line":25,"column":6},"end":{"line":25,"column":20}},"15":{"start":{"line":31,"column":2},"end":{"line":36,"column":5}},"16":{"start":{"line":32,"column":4},"end":{"line":35,"column":7}},"17":{"start":{"line":33,"column":6},"end":{"line":33,"column":34}},"18":{"start":{"line":33,"column":15},"end":{"line":33,"column":34}},"19":{"start":{"line":34,"column":6},"end":{"line":34,"column":19}},"20":{"start":{"line":40,"column":2},"end":{"line":45,"column":5}},"21":{"start":{"line":41,"column":4},"end":{"line":44,"column":7}},"22":{"start":{"line":42,"column":6},"end":{"line":42,"column":34}},"23":{"start":{"line":42,"column":15},"end":{"line":42,"column":34}},"24":{"start":{"line":43,"column":6},"end":{"line":43,"column":20}},"25":{"start":{"line":49,"column":13},"end":{"line":49,"column":21}},"26":{"start":{"line":51,"column":2},"end":{"line":51,"column":44}},"27":{"start":{"line":53,"column":2},"end":{"line":63,"column":4}},"28":{"start":{"line":65,"column":2},"end":{"line":76,"column":4}},"29":{"start":{"line":78,"column":2},"end":{"line":99,"column":4}},"30":{"start":{"line":101,"column":23},"end":{"line":101,"column":65}},"31":{"start":{"line":102,"column":2},"end":{"line":104,"column":3}},"32":{"start":{"line":102,"column":37},"end":{"line":102,"column":66}},"33":{"start":{"line":103,"column":4},"end":{"line":103,"column":68}},"34":{"start":{"line":105,"column":2},"end":{"line":107,"column":3}},"35":{"start":{"line":105,"column":37},"end":{"line":105,"column":66}},"36":{"start":{"line":106,"column":4},"end":{"line":106,"column":68}},"37":{"start":{"line":108,"column":2},"end":{"line":110,"column":3}},"38":{"start":{"line":108,"column":37},"end":{"line":108,"column":75}},"39":{"start":{"line":109,"column":4},"end":{"line":109,"column":77}},"40":{"start":{"line":112,"column":2},"end":{"line":124,"column":4}},"41":{"start":{"line":126,"column":21},"end":{"line":126,"column":72}},"42":{"start":{"line":127,"column":20},"end":{"line":127,"column":60}},"43":{"start":{"line":128,"column":17},"end":{"line":128,"column":36}},"44":{"start":{"line":130,"column":24},"end":{"line":130,"column":91}},"45":{"start":{"line":131,"column":2},"end":{"line":138,"column":3}},"46":{"start":{"line":132,"column":17},"end":{"line":132,"column":49}},"47":{"start":{"line":133,"column":4},"end":{"line":137,"column":6}},"48":{"start":{"line":140,"column":16},"end":{"line":288,"column":3}},"49":{"start":{"line":290,"column":2},"end":{"line":299,"column":3}},"50":{"start":{"line":291,"column":21},"end":{"line":291,"column":89}},"51":{"start":{"line":292,"column":4},"end":{"line":298,"column":5}},"52":{"start":{"line":293,"column":6},"end":{"line":297,"column":8}},"53":{"start":{"line":301,"column":2},"end":{"line":301,"column":12}},"54":{"start":{"line":304,"column":0},"end":{"line":311,"column":2}}},"fnMap":{"0":{"name":"openDb","decl":{"start":{"line":8,"column":9},"end":{"line":8,"column":15}},"loc":{"start":{"line":8,"column":18},"end":{"line":19,"column":1}},"line":8},"1":{"name":"(anonymous_1)","decl":{"start":{"line":11,"column":45},"end":{"line":11,"column":46}},"loc":{"start":{"line":11,"column":54},"end":{"line":16,"column":3}},"line":11},"2":{"name":"run","decl":{"start":{"line":21,"column":9},"end":{"line":21,"column":12}},"loc":{"start":{"line":21,"column":35},"end":{"line":28,"column":1}},"line":21},"3":{"name":"(anonymous_3)","decl":{"start":{"line":22,"column":21},"end":{"line":22,"column":22}},"loc":{"start":{"line":22,"column":42},"end":{"line":27,"column":3}},"line":22},"4":{"name":"(anonymous_4)","decl":{"start":{"line":23,"column":24},"end":{"line":23,"column":25}},"loc":{"start":{"line":23,"column":39},"end":{"line":26,"column":5}},"line":23},"5":{"name":"get","decl":{"start":{"line":30,"column":9},"end":{"line":30,"column":12}},"loc":{"start":{"line":30,"column":35},"end":{"line":37,"column":1}},"line":30},"6":{"name":"(anonymous_6)","decl":{"start":{"line":31,"column":21},"end":{"line":31,"column":22}},"loc":{"start":{"line":31,"column":42},"end":{"line":36,"column":3}},"line":31},"7":{"name":"(anonymous_7)","decl":{"start":{"line":32,"column":24},"end":{"line":32,"column":25}},"loc":{"start":{"line":32,"column":38},"end":{"line":35,"column":5}},"line":32},"8":{"name":"all","decl":{"start":{"line":39,"column":9},"end":{"line":39,"column":12}},"loc":{"start":{"line":39,"column":35},"end":{"line":46,"column":1}},"line":39},"9":{"name":"(anonymous_9)","decl":{"start":{"line":40,"column":21},"end":{"line":40,"column":22}},"loc":{"start":{"line":40,"column":42},"end":{"line":45,"column":3}},"line":40},"10":{"name":"(anonymous_10)","decl":{"start":{"line":41,"column":24},"end":{"line":41,"column":25}},"loc":{"start":{"line":41,"column":39},"end":{"line":44,"column":5}},"line":41},"11":{"name":"initDb","decl":{"start":{"line":48,"column":15},"end":{"line":48,"column":21}},"loc":{"start":{"line":48,"column":24},"end":{"line":302,"column":1}},"line":48},"12":{"name":"(anonymous_12)","decl":{"start":{"line":102,"column":25},"end":{"line":102,"column":26}},"loc":{"start":{"line":102,"column":37},"end":{"line":102,"column":66}},"line":102},"13":{"name":"(anonymous_13)","decl":{"start":{"line":105,"column":25},"end":{"line":105,"column":26}},"loc":{"start":{"line":105,"column":37},"end":{"line":105,"column":66}},"line":105},"14":{"name":"(anonymous_14)","decl":{"start":{"line":108,"column":25},"end":{"line":108,"column":26}},"loc":{"start":{"line":108,"column":37},"end":{"line":108,"column":75}},"line":108}},"branchMap":{"0":{"loc":{"start":{"line":4,"column":16},"end":{"line":4,"column":83}},"type":"binary-expr","locations":[{"start":{"line":4,"column":16},"end":{"line":4,"column":35}},{"start":{"line":4,"column":39},"end":{"line":4,"column":83}}],"line":4},"1":{"loc":{"start":{"line":9,"column":2},"end":{"line":9,"column":36}},"type":"if","locations":[{"start":{"line":9,"column":2},"end":{"line":9,"column":36}},{"start":{},"end":{}}],"line":9},"2":{"loc":{"start":{"line":12,"column":4},"end":{"line":15,"column":5}},"type":"if","locations":[{"start":{"line":12,"column":4},"end":{"line":15,"column":5}},{"start":{},"end":{}}],"line":12},"3":{"loc":{"start":{"line":21,"column":22},"end":{"line":21,"column":33}},"type":"default-arg","locations":[{"start":{"line":21,"column":31},"end":{"line":21,"column":33}}],"line":21},"4":{"loc":{"start":{"line":24,"column":6},"end":{"line":24,"column":34}},"type":"if","locations":[{"start":{"line":24,"column":6},"end":{"line":24,"column":34}},{"start":{},"end":{}}],"line":24},"5":{"loc":{"start":{"line":30,"column":22},"end":{"line":30,"column":33}},"type":"default-arg","locations":[{"start":{"line":30,"column":31},"end":{"line":30,"column":33}}],"line":30},"6":{"loc":{"start":{"line":33,"column":6},"end":{"line":33,"column":34}},"type":"if","locations":[{"start":{"line":33,"column":6},"end":{"line":33,"column":34}},{"start":{},"end":{}}],"line":33},"7":{"loc":{"start":{"line":39,"column":22},"end":{"line":39,"column":33}},"type":"default-arg","locations":[{"start":{"line":39,"column":31},"end":{"line":39,"column":33}}],"line":39},"8":{"loc":{"start":{"line":42,"column":6},"end":{"line":42,"column":34}},"type":"if","locations":[{"start":{"line":42,"column":6},"end":{"line":42,"column":34}},{"start":{},"end":{}}],"line":42},"9":{"loc":{"start":{"line":102,"column":2},"end":{"line":104,"column":3}},"type":"if","locations":[{"start":{"line":102,"column":2},"end":{"line":104,"column":3}},{"start":{},"end":{}}],"line":102},"10":{"loc":{"start":{"line":105,"column":2},"end":{"line":107,"column":3}},"type":"if","locations":[{"start":{"line":105,"column":2},"end":{"line":107,"column":3}},{"start":{},"end":{}}],"line":105},"11":{"loc":{"start":{"line":108,"column":2},"end":{"line":110,"column":3}},"type":"if","locations":[{"start":{"line":108,"column":2},"end":{"line":110,"column":3}},{"start":{},"end":{}}],"line":108},"12":{"loc":{"start":{"line":126,"column":21},"end":{"line":126,"column":72}},"type":"binary-expr","locations":[{"start":{"line":126,"column":21},"end":{"line":126,"column":44}},{"start":{"line":126,"column":48},"end":{"line":126,"column":72}}],"line":126},"13":{"loc":{"start":{"line":127,"column":20},"end":{"line":127,"column":60}},"type":"binary-expr","locations":[{"start":{"line":127,"column":20},"end":{"line":127,"column":46}},{"start":{"line":127,"column":50},"end":{"line":127,"column":60}}],"line":127},"14":{"loc":{"start":{"line":131,"column":2},"end":{"line":138,"column":3}},"type":"if","locations":[{"start":{"line":131,"column":2},"end":{"line":138,"column":3}},{"start":{},"end":{}}],"line":131},"15":{"loc":{"start":{"line":292,"column":4},"end":{"line":298,"column":5}},"type":"if","locations":[{"start":{"line":292,"column":4},"end":{"line":298,"column":5}},{"start":{},"end":{}}],"line":292}},"s":{"0":4,"1":4,"2":4,"3":4,"4":0,"5":0,"6":0,"7":0,"8":0,"9":0,"10":0,"11":0,"12":0,"13":0,"14":0,"15":0,"16":0,"17":0,"18":0,"19":0,"20":0,"21":0,"22":0,"23":0,"24":0,"25":0,"26":0,"27":0,"28":0,"29":0,"30":0,"31":0,"32":0,"33":0,"34":0,"35":0,"36":0,"37":0,"38":0,"39":0,"40":0,"41":0,"42":0,"43":0,"44":0,"45":0,"46":0,"47":0,"48":0,"49":0,"50":0,"51":0,"52":0,"53":0,"54":4},"f":{"0":0,"1":0,"2":0,"3":0,"4":0,"5":0,"6":0,"7":0,"8":0,"9":0,"10":0,"11":0,"12":0,"13":0,"14":0},"b":{"0":[4,4],"1":[0,0],"2":[0,0],"3":[0],"4":[0,0],"5":[0],"6":[0,0],"7":[0],"8":[0,0],"9":[0,0],"10":[0,0],"11":[0,0],"12":[0,0],"13":[0,0],"14":[0,0],"15":[0,0]},"_coverageSchema":"1a1c01bbd47fc00a2c39e90264f33305004495a9","hash":"26532c467d2fc3e342b560a51aef6c1db372a816"}
,"C:\\Users\\ASUA\\Documents\\2nd Year\\Individual Web Project\\Khaja_Point_Web\\Backend\\src\\db\\postgres.js": {"path":"C:\\Users\\ASUA\\Documents\\2nd Year\\Individual Web Project\\Khaja_Point_Web\\Backend\\src\\db\\postgres.js","statementMap":{"0":{"start":{"line":1,"column":17},"end":{"line":1,"column":30}},"1":{"start":{"line":4,"column":23},"end":{"line":4,"column":47}},"2":{"start":{"line":5,"column":2},"end":{"line":7,"column":3}},"3":{"start":{"line":6,"column":4},"end":{"line":6,"column":71}},"4":{"start":{"line":8,"column":2},"end":{"line":8,"column":54}},"5":{"start":{"line":14,"column":2},"end":{"line":14,"column":24}},"6":{"start":{"line":14,"column":12},"end":{"line":14,"column":24}},"7":{"start":{"line":15,"column":2},"end":{"line":15,"column":19}},"8":{"start":{"line":16,"column":2},"end":{"line":16,"column":14}},"9":{"start":{"line":20,"column":14},"end":{"line":20,"column":41}},"10":{"start":{"line":21,"column":2},"end":{"line":21,"column":13}},"11":{"start":{"line":25,"column":14},"end":{"line":25,"column":41}},"12":{"start":{"line":26,"column":2},"end":{"line":26,"column":29}},"13":{"start":{"line":30,"column":14},"end":{"line":30,"column":41}},"14":{"start":{"line":31,"column":2},"end":{"line":31,"column":18}},"15":{"start":{"line":34,"column":0},"end":{"line":39,"column":2}}},"fnMap":{"0":{"name":"getPool","decl":{"start":{"line":3,"column":9},"end":{"line":3,"column":16}},"loc":{"start":{"line":3,"column":19},"end":{"line":9,"column":1}},"line":3},"1":{"name":"openDb","decl":{"start":{"line":13,"column":9},"end":{"line":13,"column":15}},"loc":{"start":{"line":13,"column":18},"end":{"line":17,"column":1}},"line":13},"2":{"name":"run","decl":{"start":{"line":19,"column":15},"end":{"line":19,"column":18}},"loc":{"start":{"line":19,"column":41},"end":{"line":22,"column":1}},"line":19},"3":{"name":"get","decl":{"start":{"line":24,"column":15},"end":{"line":24,"column":18}},"loc":{"start":{"line":24,"column":41},"end":{"line":27,"column":1}},"line":24},"4":{"name":"all","decl":{"start":{"line":29,"column":15},"end":{"line":29,"column":18}},"loc":{"start":{"line":29,"column":41},"end":{"line":32,"column":1}},"line":29}},"branchMap":{"0":{"loc":{"start":{"line":5,"column":2},"end":{"line":7,"column":3}},"type":"if","locations":[{"start":{"line":5,"column":2},"end":{"line":7,"column":3}},{"start":{},"end":{}}],"line":5},"1":{"loc":{"start":{"line":14,"column":2},"end":{"line":14,"column":24}},"type":"if","locations":[{"start":{"line":14,"column":2},"end":{"line":14,"column":24}},{"start":{},"end":{}}],"line":14},"2":{"loc":{"start":{"line":19,"column":28},"end":{"line":19,"column":39}},"type":"default-arg","locations":[{"start":{"line":19,"column":37},"end":{"line":19,"column":39}}],"line":19},"3":{"loc":{"start":{"line":24,"column":28},"end":{"line":24,"column":39}},"type":"default-arg","locations":[{"start":{"line":24,"column":37},"end":{"line":24,"column":39}}],"line":24},"4":{"loc":{"start":{"line":26,"column":9},"end":{"line":26,"column":28}},"type":"binary-expr","locations":[{"start":{"line":26,"column":9},"end":{"line":26,"column":20}},{"start":{"line":26,"column":24},"end":{"line":26,"column":28}}],"line":26},"5":{"loc":{"start":{"line":29,"column":28},"end":{"line":29,"column":39}},"type":"default-arg","locations":[{"start":{"line":29,"column":37},"end":{"line":29,"column":39}}],"line":29}},"s":{"0":4,"1":0,"2":0,"3":0,"4":0,"5":0,"6":0,"7":0,"8":0,"9":0,"10":0,"11":0,"12":0,"13":0,"14":0,"15":4},"f":{"0":0,"1":0,"2":0,"3":0,"4":0},"b":{"0":[0,0],"1":[0,0],"2":[0],"3":[0],"4":[0,0],"5":[0]},"_coverageSchema":"1a1c01bbd47fc00a2c39e90264f33305004495a9","hash":"3ed23edea91c912e951ee013514918458a3bb7f7"}
,"C:\\Users\\ASUA\\Documents\\2nd Year\\Individual Web Project\\Khaja_Point_Web\\Backend\\src\\middleware\\auth.js": {"path":"C:\\Users\\ASUA\\Documents\\2nd Year\\Individual Web Project\\Khaja_Point_Web\\Backend\\src\\middleware\\auth.js","statementMap":{"0":{"start":{"line":1,"column":12},"end":{"line":1,"column":35}},"1":{"start":{"line":4,"column":17},"end":{"line":4,"column":42}},"2":{"start":{"line":5,"column":2},"end":{"line":5,"column":27}},"3":{"start":{"line":5,"column":15},"end":{"line":5,"column":27}},"4":{"start":{"line":6,"column":24},"end":{"line":6,"column":41}},"5":{"start":{"line":7,"column":2},"end":{"line":7,"column":47}},"6":{"start":{"line":7,"column":35},"end":{"line":7,"column":47}},"7":{"start":{"line":8,"column":2},"end":{"line":8,"column":15}},"8":{"start":{"line":12,"column":2},"end":{"line":25,"column":3}},"9":{"start":{"line":13,"column":18},"end":{"line":13,"column":37}},"10":{"start":{"line":14,"column":4},"end":{"line":16,"column":5}},"11":{"start":{"line":15,"column":6},"end":{"line":15,"column":83}},"12":{"start":{"line":18,"column":19},"end":{"line":18,"column":67}},"13":{"start":{"line":19,"column":20},"end":{"line":19,"column":45}},"14":{"start":{"line":21,"column":4},"end":{"line":21,"column":23}},"15":{"start":{"line":22,"column":4},"end":{"line":22,"column":18}},"16":{"start":{"line":24,"column":4},"end":{"line":24,"column":68}},"17":{"start":{"line":29,"column":2},"end":{"line":29,"column":75}},"18":{"start":{"line":29,"column":17},"end":{"line":29,"column":75}},"19":{"start":{"line":30,"column":2},"end":{"line":30,"column":86}},"20":{"start":{"line":30,"column":33},"end":{"line":30,"column":86}},"21":{"start":{"line":31,"column":2},"end":{"line":31,"column":16}},"22":{"start":{"line":34,"column":0},"end":{"line":37,"column":2}}},"fnMap":{"0":{"name":"getBearerToken","decl":{"start":{"line":3,"column":9},"end":{"line":3,"column":23}},"loc":{"start":{"line":3,"column":29},"end":{"line":9,"column":1}},"line":3},"1":{"name":"requireAuth","decl":{"start":{"line":11,"column":9},"end":{"line":11,"column":20}},"loc":{"start":{"line":11,"column":37},"end":{"line":26,"column":1}},"line":11},"2":{"name":"requireAdmin","decl":{"start":{"line":28,"column":9},"end":{"line":28,"column":21}},"loc":{"start":{"line":28,"column":38},"end":{"line":32,"column":1}},"line":28}},"branchMap":{"0":{"loc":{"start":{"line":5,"column":2},"end":{"line":5,"column":27}},"type":"if","locations":[{"start":{"line":5,"column":2},"end":{"line":5,"column":27}},{"start":{},"end":{}}],"line":5},"1":{"loc":{"start":{"line":7,"column":2},"end":{"line":7,"column":47}},"type":"if","locations":[{"start":{"line":7,"column":2},"end":{"line":7,"column":47}},{"start":{},"end":{}}],"line":7},"2":{"loc":{"start":{"line":7,"column":6},"end":{"line":7,"column":33}},"type":"binary-expr","locations":[{"start":{"line":7,"column":6},"end":{"line":7,"column":23}},{"start":{"line":7,"column":27},"end":{"line":7,"column":33}}],"line":7},"3":{"loc":{"start":{"line":14,"column":4},"end":{"line":16,"column":5}},"type":"if","locations":[{"start":{"line":14,"column":4},"end":{"line":16,"column":5}},{"start":{},"end":{}}],"line":14},"4":{"loc":{"start":{"line":18,"column":19},"end":{"line":18,"column":67}},"type":"binary-expr","locations":[{"start":{"line":18,"column":19},"end":{"line":18,"column":41}},{"start":{"line":18,"column":45},"end":{"line":18,"column":67}}],"line":18},"5":{"loc":{"start":{"line":29,"column":2},"end":{"line":29,"column":75}},"type":"if","locations":[{"start":{"line":29,"column":2},"end":{"line":29,"column":75}},{"start":{},"end":{}}],"line":29},"6":{"loc":{"start":{"line":30,"column":2},"end":{"line":30,"column":86}},"type":"if","locations":[{"start":{"line":30,"column":2},"end":{"line":30,"column":86}},{"start":{},"end":{}}],"line":30}},"s":{"0":2,"1":1,"2":1,"3":1,"4":0,"5":0,"6":0,"7":0,"8":1,"9":1,"10":1,"11":1,"12":0,"13":0,"14":0,"15":0,"16":0,"17":0,"18":0,"19":0,"20":0,"21":0,"22":2},"f":{"0":1,"1":1,"2":0},"b":{"0":[1,0],"1":[0,0],"2":[0,0],"3":[1,0],"4":[0,0],"5":[0,0],"6":[0,0]},"_coverageSchema":"1a1c01bbd47fc00a2c39e90264f33305004495a9","hash":"3e6d95db7c8fad1af3dbd2b5258c744e162e00f1"}
,"C:\\Users\\ASUA\\Documents\\2nd Year\\Individual Web Project\\Khaja_Point_Web\\Backend\\src\\model\\userModel.js": {"path":"C:\\Users\\ASUA\\Documents\\2nd Year\\Individual Web Project\\Khaja_Point_Web\\Backend\\src\\model\\userModel.js","statementMap":{"0":{"start":{"line":2,"column":2},"end":{"line":2,"column":14}},"1":{"start":{"line":6,"column":2},"end":{"line":6,"column":12}},"2":{"start":{"line":10,"column":2},"end":{"line":10,"column":14}},"3":{"start":{"line":14,"column":2},"end":{"line":14,"column":14}},"4":{"start":{"line":18,"column":2},"end":{"line":18,"column":14}},"5":{"start":{"line":21,"column":0},"end":{"line":27,"column":2}}},"fnMap":{"0":{"name":"findUserByEmail","decl":{"start":{"line":1,"column":15},"end":{"line":1,"column":30}},"loc":{"start":{"line":1,"column":38},"end":{"line":3,"column":1}},"line":1},"1":{"name":"getAllUsers","decl":{"start":{"line":5,"column":15},"end":{"line":5,"column":26}},"loc":{"start":{"line":5,"column":29},"end":{"line":7,"column":1}},"line":5},"2":{"name":"getUserById","decl":{"start":{"line":9,"column":15},"end":{"line":9,"column":26}},"loc":{"start":{"line":9,"column":31},"end":{"line":11,"column":1}},"line":9},"3":{"name":"deleteUser","decl":{"start":{"line":13,"column":15},"end":{"line":13,"column":25}},"loc":{"start":{"line":13,"column":30},"end":{"line":15,"column":1}},"line":13},"4":{"name":"updateUser","decl":{"start":{"line":17,"column":15},"end":{"line":17,"column":25}},"loc":{"start":{"line":17,"column":36},"end":{"line":19,"column":1}},"line":17}},"branchMap":{},"s":{"0":0,"1":0,"2":0,"3":0,"4":0,"5":1},"f":{"0":0,"1":0,"2":0,"3":0,"4":0},"b":{},"_coverageSchema":"1a1c01bbd47fc00a2c39e90264f33305004495a9","hash":"bd0b1860b5035640a375900ba6720b50f4eb98c8"}
,"C:\\Users\\ASUA\\Documents\\2nd Year\\Individual Web Project\\Khaja_Point_Web\\Backend\\src\\routes\\adminOrders.js": {"path":"C:\\Users\\ASUA\\Documents\\2nd Year\\Individual Web Project\\Khaja_Point_Web\\Backend\\src\\routes\\adminOrders.js","statementMap":{"0":{"start":{"line":1,"column":16},"end":{"line":1,"column":34}},"1":{"start":{"line":2,"column":14},"end":{"line":2,"column":28}},"2":{"start":{"line":3,"column":34},"end":{"line":3,"column":53}},"3":{"start":{"line":4,"column":38},"end":{"line":4,"column":67}},"4":{"start":{"line":6,"column":15},"end":{"line":6,"column":31}},"5":{"start":{"line":8,"column":26},"end":{"line":18,"column":2}},"6":{"start":{"line":20,"column":24},"end":{"line":32,"column":1}},"7":{"start":{"line":35,"column":23},"end":{"line":35,"column":24}},"8":{"start":{"line":36,"column":21},"end":{"line":36,"column":23}},"9":{"start":{"line":38,"column":2},"end":{"line":54,"column":3}},"10":{"start":{"line":39,"column":21},"end":{"line":39,"column":135}},"11":{"start":{"line":40,"column":4},"end":{"line":44,"column":5}},"12":{"start":{"line":41,"column":18},"end":{"line":41,"column":70}},"13":{"start":{"line":42,"column":6},"end":{"line":42,"column":27}},"14":{"start":{"line":43,"column":6},"end":{"line":43,"column":16}},"15":{"start":{"line":45,"column":22},"end":{"line":45,"column":58}},"16":{"start":{"line":46,"column":4},"end":{"line":46,"column":32}},"17":{"start":{"line":47,"column":4},"end":{"line":53,"column":7}},"18":{"start":{"line":56,"column":29},"end":{"line":56,"column":64}},"19":{"start":{"line":57,"column":20},"end":{"line":57,"column":53}},"20":{"start":{"line":58,"column":22},"end":{"line":58,"column":69}},"21":{"start":{"line":60,"column":2},"end":{"line":60,"column":84}},"22":{"start":{"line":63,"column":0},"end":{"line":79,"column":3}},"23":{"start":{"line":64,"column":2},"end":{"line":78,"column":3}},"24":{"start":{"line":65,"column":15},"end":{"line":65,"column":23}},"25":{"start":{"line":66,"column":19},"end":{"line":74,"column":5}},"26":{"start":{"line":75,"column":4},"end":{"line":75,"column":32}},"27":{"start":{"line":77,"column":4},"end":{"line":77,"column":74}},"28":{"start":{"line":81,"column":0},"end":{"line":137,"column":3}},"29":{"start":{"line":82,"column":2},"end":{"line":136,"column":3}},"30":{"start":{"line":83,"column":17},"end":{"line":83,"column":50}},"31":{"start":{"line":84,"column":4},"end":{"line":86,"column":5}},"32":{"start":{"line":85,"column":6},"end":{"line":85,"column":63}},"33":{"start":{"line":88,"column":15},"end":{"line":88,"column":23}},"34":{"start":{"line":89,"column":17},"end":{"line":89,"column":88}},"35":{"start":{"line":90,"column":4},"end":{"line":92,"column":5}},"36":{"start":{"line":91,"column":6},"end":{"line":91,"column":67}},"37":{"start":{"line":94,"column":87},"end":{"line":94,"column":127}},"38":{"start":{"line":96,"column":4},"end":{"line":96,"column":27}},"39":{"start":{"line":97,"column":24},"end":{"line":115,"column":5}},"40":{"start":{"line":117,"column":20},"end":{"line":117,"column":38}},"41":{"start":{"line":118,"column":4},"end":{"line":125,"column":5}},"42":{"start":{"line":119,"column":6},"end":{"line":124,"column":8}},"43":{"start":{"line":127,"column":4},"end":{"line":127,"column":28}},"44":{"start":{"line":128,"column":4},"end":{"line":128,"column":55}},"45":{"start":{"line":130,"column":4},"end":{"line":133,"column":18}},"46":{"start":{"line":131,"column":17},"end":{"line":131,"column":25}},"47":{"start":{"line":132,"column":6},"end":{"line":132,"column":32}},"48":{"start":{"line":134,"column":19},"end":{"line":134,"column":39}},"49":{"start":{"line":135,"column":4},"end":{"line":135,"column":86}},"50":{"start":{"line":139,"column":0},"end":{"line":157,"column":3}},"51":{"start":{"line":140,"column":2},"end":{"line":156,"column":3}},"52":{"start":{"line":141,"column":20},"end":{"line":141,"column":46}},"53":{"start":{"line":142,"column":4},"end":{"line":144,"column":5}},"54":{"start":{"line":143,"column":6},"end":{"line":143,"column":64}},"55":{"start":{"line":146,"column":15},"end":{"line":146,"column":23}},"56":{"start":{"line":147,"column":18},"end":{"line":147,"column":80}},"57":{"start":{"line":148,"column":4},"end":{"line":150,"column":5}},"58":{"start":{"line":149,"column":6},"end":{"line":149,"column":64}},"59":{"start":{"line":152,"column":4},"end":{"line":152,"column":64}},"60":{"start":{"line":153,"column":4},"end":{"line":153,"column":43}},"61":{"start":{"line":155,"column":4},"end":{"line":155,"column":69}},"62":{"start":{"line":159,"column":0},"end":{"line":159,"column":24}}},"fnMap":{"0":{"name":"computeOrderTotals","decl":{"start":{"line":34,"column":15},"end":{"line":34,"column":33}},"loc":{"start":{"line":34,"column":45},"end":{"line":61,"column":1}},"line":34},"1":{"name":"(anonymous_1)","decl":{"start":{"line":63,"column":43},"end":{"line":63,"column":44}},"loc":{"start":{"line":63,"column":63},"end":{"line":79,"column":1}},"line":63},"2":{"name":"(anonymous_2)","decl":{"start":{"line":81,"column":44},"end":{"line":81,"column":45}},"loc":{"start":{"line":81,"column":64},"end":{"line":137,"column":1}},"line":81},"3":{"name":"(anonymous_3)","decl":{"start":{"line":139,"column":54},"end":{"line":139,"column":55}},"loc":{"start":{"line":139,"column":74},"end":{"line":157,"column":1}},"line":139}},"branchMap":{"0":{"loc":{"start":{"line":40,"column":4},"end":{"line":44,"column":5}},"type":"if","locations":[{"start":{"line":40,"column":4},"end":{"line":44,"column":5}},{"start":{},"end":{}}],"line":40},"1":{"loc":{"start":{"line":56,"column":29},"end":{"line":56,"column":64}},"type":"cond-expr","locations":[{"start":{"line":56,"column":56},"end":{"line":56,"column":57}},{"start":{"line":56,"column":60},"end":{"line":56,"column":64}}],"line":56},"2":{"loc":{"start":{"line":84,"column":4},"end":{"line":86,"column":5}},"type":"if","locations":[{"start":{"line":84,"column":4},"end":{"line":86,"column":5}},{"start":{},"end":{}}],"line":84},"3":{"loc":{"start":{"line":90,"column":4},"end":{"line":92,"column":5}},"type":"if","locations":[{"start":{"line":90,"column":4},"end":{"line":92,"column":5}},{"start":{},"end":{}}],"line":90},"4":{"loc":{"start":{"line":109,"column":8},"end":{"line":109,"column":41}},"type":"binary-expr","locations":[{"start":{"line":109,"column":8},"end":{"line":109,"column":33}},{"start":{"line":109,"column":37},"end":{"line":109,"column":41}}],"line":109},"5":{"loc":{"start":{"line":134,"column":19},"end":{"line":134,"column":39}},"type":"binary-expr","locations":[{"start":{"line":134,"column":19},"end":{"line":134,"column":32}},{"start":{"line":134,"column":36},"end":{"line":134,"column":39}}],"line":134},"6":{"loc":{"start":{"line":135,"column":44},"end":{"line":135,"column":82}},"type":"binary-expr","locations":[{"start":{"line":135,"column":44},"end":{"line":135,"column":54}},{"start":{"line":135,"column":58},"end":{"line":135,"column":82}}],"line":135},"7":{"loc":{"start":{"line":142,"column":4},"end":{"line":144,"column":5}},"type":"if","locations":[{"start":{"line":142,"column":4},"end":{"line":144,"column":5}},{"start":{},"end":{}}],"line":142},"8":{"loc":{"start":{"line":142,"column":8},"end":{"line":142,"column":49}},"type":"binary-expr","locations":[{"start":{"line":142,"column":8},"end":{"line":142,"column":33}},{"start":{"line":142,"column":37},"end":{"line":142,"column":49}}],"line":142},"9":{"loc":{"start":{"line":148,"column":4},"end":{"line":150,"column":5}},"type":"if","locations":[{"start":{"line":148,"column":4},"end":{"line":150,"column":5}},{"start":{},"end":{}}],"line":148}},"s":{"0":5,"1":5,"2":5,"3":5,"4":5,"5":5,"6":5,"7":0,"8":0,"9":0,"10":0,"11":0,"12":0,"13":0,"14":0,"15":0,"16":0,"17":0,"18":0,"19":0,"20":0,"21":0,"22":5,"23":0,"24":0,"25":0,"26":0,"27":0,"28":5,"29":0,"30":0,"31":0,"32":0,"33":0,"34":0,"35":0,"36":0,"37":0,"38":0,"39":0,"40":0,"41":0,"42":0,"43":0,"44":0,"45":0,"46":0,"47":0,"48":0,"49":0,"50":5,"51":0,"52":0,"53":0,"54":0,"55":0,"56":0,"57":0,"58":0,"59":0,"60":0,"61":0,"62":5},"f":{"0":0,"1":0,"2":0,"3":0},"b":{"0":[0,0],"1":[0,0],"2":[0,0],"3":[0,0],"4":[0,0],"5":[0,0],"6":[0,0],"7":[0,0],"8":[0,0],"9":[0,0]},"_coverageSchema":"1a1c01bbd47fc00a2c39e90264f33305004495a9","hash":"c601ace0dec1a56f2bca3e74919b7bebba84d5b1"}
,"C:\\Users\\ASUA\\Documents\\2nd Year\\Individual Web Project\\Khaja_Point_Web\\Backend\\src\\routes\\auth.js": {"path":"C:\\Users\\ASUA\\Documents\\2nd Year\\Individual Web Project\\Khaja_Point_Web\\Backend\\src\\routes\\auth.js","statementMap":{"0":{"start":{"line":1,"column":16},"end":{"line":1,"column":34}},"1":{"start":{"line":2,"column":15},"end":{"line":2,"column":34}},"2":{"start":{"line":3,"column":12},"end":{"line":3,"column":35}},"3":{"start":{"line":4,"column":14},"end":{"line":4,"column":28}},"4":{"start":{"line":6,"column":29},"end":{"line":6,"column":48}},"5":{"start":{"line":7,"column":24},"end":{"line":7,"column":53}},"6":{"start":{"line":9,"column":15},"end":{"line":9,"column":31}},"7":{"start":{"line":11,"column":23},"end":{"line":15,"column":2}},"8":{"start":{"line":17,"column":20},"end":{"line":20,"column":2}},"9":{"start":{"line":23,"column":17},"end":{"line":23,"column":65}},"10":{"start":{"line":24,"column":2},"end":{"line":24,"column":72}},"11":{"start":{"line":27,"column":0},"end":{"line":52,"column":3}},"12":{"start":{"line":28,"column":2},"end":{"line":51,"column":3}},"13":{"start":{"line":29,"column":17},"end":{"line":29,"column":47}},"14":{"start":{"line":31,"column":15},"end":{"line":31,"column":23}},"15":{"start":{"line":32,"column":21},"end":{"line":32,"column":88}},"16":{"start":{"line":33,"column":4},"end":{"line":33,"column":85}},"17":{"start":{"line":33,"column":18},"end":{"line":33,"column":85}},"18":{"start":{"line":35,"column":17},"end":{"line":35,"column":53}},"19":{"start":{"line":36,"column":19},"end":{"line":40,"column":5}},"20":{"start":{"line":42,"column":19},"end":{"line":42,"column":32}},"21":{"start":{"line":43,"column":18},"end":{"line":43,"column":76}},"22":{"start":{"line":45,"column":4},"end":{"line":48,"column":7}},"23":{"start":{"line":50,"column":4},"end":{"line":50,"column":95}},"24":{"start":{"line":54,"column":0},"end":{"line":74,"column":3}},"25":{"start":{"line":55,"column":2},"end":{"line":73,"column":3}},"26":{"start":{"line":56,"column":17},"end":{"line":56,"column":44}},"27":{"start":{"line":57,"column":15},"end":{"line":57,"column":23}},"28":{"start":{"line":59,"column":17},"end":{"line":59,"column":118}},"29":{"start":{"line":60,"column":4},"end":{"line":60,"column":77}},"30":{"start":{"line":60,"column":15},"end":{"line":60,"column":77}},"31":{"start":{"line":62,"column":15},"end":{"line":62,"column":70}},"32":{"start":{"line":63,"column":4},"end":{"line":63,"column":75}},"33":{"start":{"line":63,"column":13},"end":{"line":63,"column":75}},"34":{"start":{"line":65,"column":18},"end":{"line":65,"column":84}},"35":{"start":{"line":67,"column":4},"end":{"line":70,"column":7}},"36":{"start":{"line":72,"column":4},"end":{"line":72,"column":95}},"37":{"start":{"line":76,"column":0},"end":{"line":78,"column":3}},"38":{"start":{"line":77,"column":2},"end":{"line":77,"column":38}},"39":{"start":{"line":80,"column":0},"end":{"line":80,"column":24}}},"fnMap":{"0":{"name":"signToken","decl":{"start":{"line":22,"column":9},"end":{"line":22,"column":18}},"loc":{"start":{"line":22,"column":44},"end":{"line":25,"column":1}},"line":22},"1":{"name":"(anonymous_1)","decl":{"start":{"line":27,"column":25},"end":{"line":27,"column":26}},"loc":{"start":{"line":27,"column":45},"end":{"line":52,"column":1}},"line":27},"2":{"name":"(anonymous_2)","decl":{"start":{"line":54,"column":22},"end":{"line":54,"column":23}},"loc":{"start":{"line":54,"column":42},"end":{"line":74,"column":1}},"line":54},"3":{"name":"(anonymous_3)","decl":{"start":{"line":76,"column":31},"end":{"line":76,"column":32}},"loc":{"start":{"line":76,"column":51},"end":{"line":78,"column":1}},"line":76}},"branchMap":{"0":{"loc":{"start":{"line":23,"column":17},"end":{"line":23,"column":65}},"type":"binary-expr","locations":[{"start":{"line":23,"column":17},"end":{"line":23,"column":39}},{"start":{"line":23,"column":43},"end":{"line":23,"column":65}}],"line":23},"1":{"loc":{"start":{"line":33,"column":4},"end":{"line":33,"column":85}},"type":"if","locations":[{"start":{"line":33,"column":4},"end":{"line":33,"column":85}},{"start":{},"end":{}}],"line":33},"2":{"loc":{"start":{"line":50,"column":69},"end":{"line":50,"column":91}},"type":"binary-expr","locations":[{"start":{"line":50,"column":69},"end":{"line":50,"column":78}},{"start":{"line":50,"column":82},"end":{"line":50,"column":91}}],"line":50},"3":{"loc":{"start":{"line":60,"column":4},"end":{"line":60,"column":77}},"type":"if","locations":[{"start":{"line":60,"column":4},"end":{"line":60,"column":77}},{"start":{},"end":{}}],"line":60},"4":{"loc":{"start":{"line":63,"column":4},"end":{"line":63,"column":75}},"type":"if","locations":[{"start":{"line":63,"column":4},"end":{"line":63,"column":75}},{"start":{},"end":{}}],"line":63},"5":{"loc":{"start":{"line":72,"column":69},"end":{"line":72,"column":91}},"type":"binary-expr","locations":[{"start":{"line":72,"column":69},"end":{"line":72,"column":78}},{"start":{"line":72,"column":82},"end":{"line":72,"column":91}}],"line":72}},"s":{"0":5,"1":5,"2":5,"3":5,"4":5,"5":5,"6":5,"7":5,"8":5,"9":1,"10":1,"11":5,"12":1,"13":1,"14":1,"15":1,"16":1,"17":0,"18":1,"19":1,"20":1,"21":1,"22":1,"23":0,"24":5,"25":1,"26":1,"27":1,"28":1,"29":1,"30":1,"31":0,"32":0,"33":0,"34":0,"35":0,"36":0,"37":5,"38":0,"39":5},"f":{"0":1,"1":1,"2":1,"3":0},"b":{"0":[1,0],"1":[0,1],"2":[0,0],"3":[1,0],"4":[0,0],"5":[0,0]},"_coverageSchema":"1a1c01bbd47fc00a2c39e90264f33305004495a9","hash":"3c4e84b31046cf857691ab344415e3117f1e7b22"}
,"C:\\Users\\ASUA\\Documents\\2nd Year\\Individual Web Project\\Khaja_Point_Web\\Backend\\src\\routes\\esewa.js": {"path":"C:\\Users\\ASUA\\Documents\\2nd Year\\Individual Web Project\\Khaja_Point_Web\\Backend\\src\\routes\\esewa.js","statementMap":{"0":{"start":{"line":1,"column":16},"end":{"line":1,"column":34}},"1":{"start":{"line":2,"column":14},"end":{"line":2,"column":28}},"2":{"start":{"line":3,"column":24},"end":{"line":3,"column":43}},"3":{"start":{"line":4,"column":24},"end":{"line":4,"column":53}},"4":{"start":{"line":5,"column":28},"end":{"line":5,"column":48}},"5":{"start":{"line":7,"column":15},"end":{"line":7,"column":31}},"6":{"start":{"line":9,"column":24},"end":{"line":11,"column":2}},"7":{"start":{"line":14,"column":2},"end":{"line":51,"column":3}},"8":{"start":{"line":15,"column":24},"end":{"line":15,"column":34}},"9":{"start":{"line":16,"column":15},"end":{"line":16,"column":30}},"10":{"start":{"line":17,"column":4},"end":{"line":17,"column":99}},"11":{"start":{"line":17,"column":41},"end":{"line":17,"column":99}},"12":{"start":{"line":19,"column":17},"end":{"line":19,"column":54}},"13":{"start":{"line":20,"column":15},"end":{"line":20,"column":23}},"14":{"start":{"line":22,"column":18},"end":{"line":31,"column":6}},"15":{"start":{"line":23,"column":6},"end":{"line":30,"column":8}},"16":{"start":{"line":27,"column":10},"end":{"line":27,"column":38}},"17":{"start":{"line":27,"column":19},"end":{"line":27,"column":38}},"18":{"start":{"line":28,"column":10},"end":{"line":28,"column":23}},"19":{"start":{"line":33,"column":4},"end":{"line":33,"column":74}},"20":{"start":{"line":33,"column":16},"end":{"line":33,"column":74}},"21":{"start":{"line":35,"column":23},"end":{"line":35,"column":79}},"22":{"start":{"line":36,"column":4},"end":{"line":36,"column":113}},"23":{"start":{"line":38,"column":4},"end":{"line":38,"column":57}},"24":{"start":{"line":40,"column":4},"end":{"line":48,"column":7}},"25":{"start":{"line":50,"column":4},"end":{"line":50,"column":81}},"26":{"start":{"line":54,"column":0},"end":{"line":54,"column":81}},"27":{"start":{"line":55,"column":0},"end":{"line":55,"column":76}},"28":{"start":{"line":57,"column":0},"end":{"line":57,"column":24}}},"fnMap":{"0":{"name":"processEsewaPayment","decl":{"start":{"line":13,"column":15},"end":{"line":13,"column":34}},"loc":{"start":{"line":13,"column":45},"end":{"line":52,"column":1}},"line":13},"1":{"name":"(anonymous_1)","decl":{"start":{"line":22,"column":36},"end":{"line":22,"column":37}},"loc":{"start":{"line":22,"column":57},"end":{"line":31,"column":5}},"line":22},"2":{"name":"(anonymous_2)","decl":{"start":{"line":26,"column":8},"end":{"line":26,"column":9}},"loc":{"start":{"line":26,"column":22},"end":{"line":29,"column":9}},"line":26}},"branchMap":{"0":{"loc":{"start":{"line":17,"column":4},"end":{"line":17,"column":99}},"type":"if","locations":[{"start":{"line":17,"column":4},"end":{"line":17,"column":99}},{"start":{},"end":{}}],"line":17},"1":{"loc":{"start":{"line":17,"column":8},"end":{"line":17,"column":39}},"type":"binary-expr","locations":[{"start":{"line":17,"column":8},"end":{"line":17,"column":28}},{"start":{"line":17,"column":32},"end":{"line":17,"column":39}}],"line":17},"2":{"loc":{"start":{"line":19,"column":39},"end":{"line":19,"column":53}},"type":"binary-expr","locations":[{"start":{"line":19,"column":39},"end":{"line":19,"column":47}},{"start":{"line":19,"column":51},"end":{"line":19,"column":53}}],"line":19},"3":{"loc":{"start":{"line":27,"column":10},"end":{"line":27,"column":38}},"type":"if","locations":[{"start":{"line":27,"column":10},"end":{"line":27,"column":38}},{"start":{},"end":{}}],"line":27},"4":{"loc":{"start":{"line":33,"column":4},"end":{"line":33,"column":74}},"type":"if","locations":[{"start":{"line":33,"column":4},"end":{"line":33,"column":74}},{"start":{},"end":{}}],"line":33},"5":{"loc":{"start":{"line":35,"column":23},"end":{"line":35,"column":79}},"type":"cond-expr","locations":[{"start":{"line":35,"column":43},"end":{"line":35,"column":59}},{"start":{"line":35,"column":62},"end":{"line":35,"column":79}}],"line":35},"6":{"loc":{"start":{"line":46,"column":16},"end":{"line":46,"column":56}},"type":"cond-expr","locations":[{"start":{"line":46,"column":36},"end":{"line":46,"column":44}},{"start":{"line":46,"column":47},"end":{"line":46,"column":56}}],"line":46},"7":{"loc":{"start":{"line":50,"column":41},"end":{"line":50,"column":77}},"type":"binary-expr","locations":[{"start":{"line":50,"column":41},"end":{"line":50,"column":51}},{"start":{"line":50,"column":55},"end":{"line":50,"column":77}}],"line":50}},"s":{"0":5,"1":5,"2":5,"3":5,"4":5,"5":5,"6":5,"7":0,"8":0,"9":0,"10":0,"11":0,"12":0,"13":0,"14":0,"15":0,"16":0,"17":0,"18":0,"19":0,"20":0,"21":0,"22":0,"23":0,"24":0,"25":0,"26":5,"27":5,"28":5},"f":{"0":0,"1":0,"2":0},"b":{"0":[0,0],"1":[0,0],"2":[0,0],"3":[0,0],"4":[0,0],"5":[0,0],"6":[0,0],"7":[0,0]},"_coverageSchema":"1a1c01bbd47fc00a2c39e90264f33305004495a9","hash":"166e573354efe915efbf81ffb51136dfcfc4ff52"}
,"C:\\Users\\ASUA\\Documents\\2nd Year\\Individual Web Project\\Khaja_Point_Web\\Backend\\src\\routes\\index.js": {"path":"C:\\Users\\ASUA\\Documents\\2nd Year\\Individual Web Project\\Khaja_Point_Web\\Backend\\src\\routes\\index.js","statementMap":{"0":{"start":{"line":1,"column":16},"end":{"line":1,"column":34}},"1":{"start":{"line":2,"column":15},"end":{"line":2,"column":34}},"2":{"start":{"line":3,"column":12},"end":{"line":3,"column":35}},"3":{"start":{"line":4,"column":78},"end":{"line":4,"column":107}},"4":{"start":{"line":6,"column":15},"end":{"line":6,"column":31}},"5":{"start":{"line":8,"column":0},"end":{"line":15,"column":3}},"6":{"start":{"line":9,"column":2},"end":{"line":14,"column":5}},"7":{"start":{"line":17,"column":0},"end":{"line":39,"column":3}},"8":{"start":{"line":18,"column":2},"end":{"line":38,"column":3}},"9":{"start":{"line":19,"column":32},"end":{"line":19,"column":46}},"10":{"start":{"line":20,"column":4},"end":{"line":22,"column":5}},"11":{"start":{"line":21,"column":6},"end":{"line":21,"column":62}},"12":{"start":{"line":24,"column":17},"end":{"line":24,"column":45}},"13":{"start":{"line":25,"column":4},"end":{"line":27,"column":5}},"14":{"start":{"line":26,"column":6},"end":{"line":26,"column":70}},"15":{"start":{"line":29,"column":15},"end":{"line":29,"column":60}},"16":{"start":{"line":30,"column":4},"end":{"line":32,"column":5}},"17":{"start":{"line":31,"column":6},"end":{"line":31,"column":70}},"18":{"start":{"line":34,"column":18},"end":{"line":34,"column":86}},"19":{"start":{"line":35,"column":4},"end":{"line":35,"column":78}},"20":{"start":{"line":37,"column":4},"end":{"line":37,"column":61}},"21":{"start":{"line":41,"column":0},"end":{"line":48,"column":3}},"22":{"start":{"line":42,"column":2},"end":{"line":47,"column":3}},"23":{"start":{"line":43,"column":17},"end":{"line":43,"column":36}},"24":{"start":{"line":44,"column":4},"end":{"line":44,"column":42}},"25":{"start":{"line":46,"column":4},"end":{"line":46,"column":61}},"26":{"start":{"line":50,"column":0},"end":{"line":60,"column":3}},"27":{"start":{"line":51,"column":2},"end":{"line":59,"column":3}},"28":{"start":{"line":52,"column":17},"end":{"line":52,"column":49}},"29":{"start":{"line":53,"column":4},"end":{"line":55,"column":5}},"30":{"start":{"line":54,"column":6},"end":{"line":54,"column":65}},"31":{"start":{"line":56,"column":4},"end":{"line":56,"column":42}},"32":{"start":{"line":58,"column":4},"end":{"line":58,"column":61}},"33":{"start":{"line":62,"column":0},"end":{"line":72,"column":3}},"34":{"start":{"line":63,"column":2},"end":{"line":71,"column":3}},"35":{"start":{"line":64,"column":20},"end":{"line":64,"column":51}},"36":{"start":{"line":65,"column":4},"end":{"line":67,"column":5}},"37":{"start":{"line":66,"column":6},"end":{"line":66,"column":65}},"38":{"start":{"line":68,"column":4},"end":{"line":68,"column":69}},"39":{"start":{"line":70,"column":4},"end":{"line":70,"column":61}},"40":{"start":{"line":74,"column":0},"end":{"line":97,"column":3}},"41":{"start":{"line":75,"column":2},"end":{"line":96,"column":3}},"42":{"start":{"line":76,"column":38},"end":{"line":76,"column":52}},"43":{"start":{"line":77,"column":4},"end":{"line":79,"column":5}},"44":{"start":{"line":78,"column":6},"end":{"line":78,"column":62}},"45":{"start":{"line":81,"column":22},"end":{"line":81,"column":26}},"46":{"start":{"line":82,"column":4},"end":{"line":87,"column":5}},"47":{"start":{"line":83,"column":21},"end":{"line":83,"column":52}},"48":{"start":{"line":84,"column":6},"end":{"line":84,"column":87}},"49":{"start":{"line":86,"column":6},"end":{"line":86,"column":69}},"50":{"start":{"line":89,"column":4},"end":{"line":91,"column":5}},"51":{"start":{"line":90,"column":6},"end":{"line":90,"column":65}},"52":{"start":{"line":93,"column":4},"end":{"line":93,"column":88}},"53":{"start":{"line":95,"column":4},"end":{"line":95,"column":61}},"54":{"start":{"line":99,"column":0},"end":{"line":99,"column":39}},"55":{"start":{"line":100,"column":0},"end":{"line":100,"column":39}},"56":{"start":{"line":101,"column":0},"end":{"line":101,"column":43}},"57":{"start":{"line":102,"column":0},"end":{"line":102,"column":54}},"58":{"start":{"line":103,"column":0},"end":{"line":103,"column":36}},"59":{"start":{"line":104,"column":0},"end":{"line":104,"column":158}},"60":{"start":{"line":104,"column":48},"end":{"line":104,"column":156}},"61":{"start":{"line":106,"column":0},"end":{"line":106,"column":24}}},"fnMap":{"0":{"name":"(anonymous_0)","decl":{"start":{"line":8,"column":22},"end":{"line":8,"column":23}},"loc":{"start":{"line":8,"column":36},"end":{"line":15,"column":1}},"line":8},"1":{"name":"(anonymous_1)","decl":{"start":{"line":17,"column":22},"end":{"line":17,"column":23}},"loc":{"start":{"line":17,"column":42},"end":{"line":39,"column":1}},"line":17},"2":{"name":"(anonymous_2)","decl":{"start":{"line":41,"column":22},"end":{"line":41,"column":23}},"loc":{"start":{"line":41,"column":42},"end":{"line":48,"column":1}},"line":41},"3":{"name":"(anonymous_3)","decl":{"start":{"line":50,"column":27},"end":{"line":50,"column":28}},"loc":{"start":{"line":50,"column":47},"end":{"line":60,"column":1}},"line":50},"4":{"name":"(anonymous_4)","decl":{"start":{"line":62,"column":29},"end":{"line":62,"column":30}},"loc":{"start":{"line":62,"column":49},"end":{"line":72,"column":1}},"line":62},"5":{"name":"(anonymous_5)","decl":{"start":{"line":74,"column":26},"end":{"line":74,"column":27}},"loc":{"start":{"line":74,"column":46},"end":{"line":97,"column":1}},"line":74},"6":{"name":"(anonymous_6)","decl":{"start":{"line":104,"column":34},"end":{"line":104,"column":35}},"loc":{"start":{"line":104,"column":48},"end":{"line":104,"column":156}},"line":104}},"branchMap":{"0":{"loc":{"start":{"line":19,"column":32},"end":{"line":19,"column":46}},"type":"binary-expr","locations":[{"start":{"line":19,"column":32},"end":{"line":19,"column":40}},{"start":{"line":19,"column":44},"end":{"line":19,"column":46}}],"line":19},"1":{"loc":{"start":{"line":20,"column":4},"end":{"line":22,"column":5}},"type":"if","locations":[{"start":{"line":20,"column":4},"end":{"line":22,"column":5}},{"start":{},"end":{}}],"line":20},"2":{"loc":{"start":{"line":20,"column":8},"end":{"line":20,"column":27}},"type":"binary-expr","locations":[{"start":{"line":20,"column":8},"end":{"line":20,"column":14}},{"start":{"line":20,"column":18},"end":{"line":20,"column":27}}],"line":20},"3":{"loc":{"start":{"line":25,"column":4},"end":{"line":27,"column":5}},"type":"if","locations":[{"start":{"line":25,"column":4},"end":{"line":27,"column":5}},{"start":{},"end":{}}],"line":25},"4":{"loc":{"start":{"line":30,"column":4},"end":{"line":32,"column":5}},"type":"if","locations":[{"start":{"line":30,"column":4},"end":{"line":32,"column":5}},{"start":{},"end":{}}],"line":30},"5":{"loc":{"start":{"line":53,"column":4},"end":{"line":55,"column":5}},"type":"if","locations":[{"start":{"line":53,"column":4},"end":{"line":55,"column":5}},{"start":{},"end":{}}],"line":53},"6":{"loc":{"start":{"line":65,"column":4},"end":{"line":67,"column":5}},"type":"if","locations":[{"start":{"line":65,"column":4},"end":{"line":67,"column":5}},{"start":{},"end":{}}],"line":65},"7":{"loc":{"start":{"line":76,"column":38},"end":{"line":76,"column":52}},"type":"binary-expr","locations":[{"start":{"line":76,"column":38},"end":{"line":76,"column":46}},{"start":{"line":76,"column":50},"end":{"line":76,"column":52}}],"line":76},"8":{"loc":{"start":{"line":77,"column":4},"end":{"line":79,"column":5}},"type":"if","locations":[{"start":{"line":77,"column":4},"end":{"line":79,"column":5}},{"start":{},"end":{}}],"line":77},"9":{"loc":{"start":{"line":77,"column":8},"end":{"line":77,"column":23}},"type":"binary-expr","locations":[{"start":{"line":77,"column":8},"end":{"line":77,"column":13}},{"start":{"line":77,"column":17},"end":{"line":77,"column":23}}],"line":77},"10":{"loc":{"start":{"line":82,"column":4},"end":{"line":87,"column":5}},"type":"if","locations":[{"start":{"line":82,"column":4},"end":{"line":87,"column":5}},{"start":{"line":85,"column":11},"end":{"line":87,"column":5}}],"line":82},"11":{"loc":{"start":{"line":89,"column":4},"end":{"line":91,"column":5}},"type":"if","locations":[{"start":{"line":89,"column":4},"end":{"line":91,"column":5}},{"start":{},"end":{}}],"line":89}},"s":{"0":5,"1":5,"2":5,"3":5,"4":5,"5":5,"6":0,"7":5,"8":8,"9":8,"10":8,"11":2,"12":6,"13":5,"14":1,"15":4,"16":3,"17":1,"18":2,"19":1,"20":3,"21":5,"22":3,"23":3,"24":2,"25":1,"26":5,"27":3,"28":3,"29":2,"30":1,"31":1,"32":1,"33":5,"34":5,"35":5,"36":4,"37":1,"38":3,"39":1,"40":5,"41":8,"42":8,"43":8,"44":2,"45":6,"46":6,"47":2,"48":1,"49":4,"50":4,"51":1,"52":3,"53":2,"54":5,"55":5,"56":5,"57":5,"58":5,"59":5,"60":0,"61":5},"f":{"0":0,"1":8,"2":3,"3":3,"4":5,"5":8,"6":0},"b":{"0":[8,0],"1":[2,6],"2":[8,7],"3":[1,4],"4":[1,2],"5":[1,1],"6":[1,3],"7":[8,0],"8":[2,6],"9":[8,7],"10":[2,4],"11":[1,3]},"_coverageSchema":"1a1c01bbd47fc00a2c39e90264f33305004495a9","hash":"1dd4d871f5fc3d60377de73241f188f6a4b01fd6"}
,"C:\\Users\\ASUA\\Documents\\2nd Year\\Individual Web Project\\Khaja_Point_Web\\Backend\\src\\routes\\menu.js": {"path":"C:\\Users\\ASUA\\Documents\\2nd Year\\Individual Web Project\\Khaja_Point_Web\\Backend\\src\\routes\\menu.js","statementMap":{"0":{"start":{"line":1,"column":16},"end":{"line":1,"column":34}},"1":{"start":{"line":3,"column":29},"end":{"line":3,"column":48}},"2":{"start":{"line":5,"column":15},"end":{"line":5,"column":31}},"3":{"start":{"line":7,"column":0},"end":{"line":80,"column":3}},"4":{"start":{"line":8,"column":2},"end":{"line":79,"column":3}},"5":{"start":{"line":9,"column":15},"end":{"line":9,"column":23}},"6":{"start":{"line":10,"column":18},"end":{"line":13,"column":5}},"7":{"start":{"line":15,"column":27},"end":{"line":58,"column":5}},"8":{"start":{"line":61,"column":20},"end":{"line":74,"column":10}},"9":{"start":{"line":62,"column":18},"end":{"line":62,"column":42}},"10":{"start":{"line":63,"column":6},"end":{"line":63,"column":35}},"11":{"start":{"line":63,"column":21},"end":{"line":63,"column":35}},"12":{"start":{"line":64,"column":6},"end":{"line":72,"column":9}},"13":{"start":{"line":73,"column":6},"end":{"line":73,"column":17}},"14":{"start":{"line":76,"column":4},"end":{"line":76,"column":61}},"15":{"start":{"line":78,"column":4},"end":{"line":78,"column":66}},"16":{"start":{"line":82,"column":0},"end":{"line":92,"column":3}},"17":{"start":{"line":83,"column":2},"end":{"line":91,"column":3}},"18":{"start":{"line":84,"column":15},"end":{"line":84,"column":36}},"19":{"start":{"line":85,"column":15},"end":{"line":85,"column":23}},"20":{"start":{"line":86,"column":17},"end":{"line":86,"column":166}},"21":{"start":{"line":87,"column":4},"end":{"line":87,"column":77}},"22":{"start":{"line":87,"column":15},"end":{"line":87,"column":77}},"23":{"start":{"line":88,"column":4},"end":{"line":88,"column":30}},"24":{"start":{"line":90,"column":4},"end":{"line":90,"column":71}},"25":{"start":{"line":94,"column":0},"end":{"line":94,"column":24}}},"fnMap":{"0":{"name":"(anonymous_0)","decl":{"start":{"line":7,"column":16},"end":{"line":7,"column":17}},"loc":{"start":{"line":7,"column":36},"end":{"line":80,"column":1}},"line":7},"1":{"name":"(anonymous_1)","decl":{"start":{"line":61,"column":33},"end":{"line":61,"column":34}},"loc":{"start":{"line":61,"column":46},"end":{"line":74,"column":5}},"line":61},"2":{"name":"(anonymous_2)","decl":{"start":{"line":82,"column":19},"end":{"line":82,"column":20}},"loc":{"start":{"line":82,"column":39},"end":{"line":92,"column":1}},"line":82}},"branchMap":{"0":{"loc":{"start":{"line":62,"column":18},"end":{"line":62,"column":42}},"type":"binary-expr","locations":[{"start":{"line":62,"column":18},"end":{"line":62,"column":29}},{"start":{"line":62,"column":33},"end":{"line":62,"column":42}}],"line":62},"1":{"loc":{"start":{"line":63,"column":6},"end":{"line":63,"column":35}},"type":"if","locations":[{"start":{"line":63,"column":6},"end":{"line":63,"column":35}},{"start":{},"end":{}}],"line":63},"2":{"loc":{"start":{"line":87,"column":4},"end":{"line":87,"column":77}},"type":"if","locations":[{"start":{"line":87,"column":4},"end":{"line":87,"column":77}},{"start":{},"end":{}}],"line":87}},"s":{"0":5,"1":5,"2":5,"3":5,"4":0,"5":0,"6":0,"7":0,"8":0,"9":0,"10":0,"11":0,"12":0,"13":0,"14":0,"15":0,"16":5,"17":0,"18":0,"19":0,"20":0,"21":0,"22":0,"23":0,"24":0,"25":5},"f":{"0":0,"1":0,"2":0},"b":{"0":[0,0],"1":[0,0],"2":[0,0]},"_coverageSchema":"1a1c01bbd47fc00a2c39e90264f33305004495a9","hash":"3eacab575213bafa7e0bb9a022313d9aaa8d52d2"}
,"C:\\Users\\ASUA\\Documents\\2nd Year\\Individual Web Project\\Khaja_Point_Web\\Backend\\src\\routes\\orders.js": {"path":"C:\\Users\\ASUA\\Documents\\2nd Year\\Individual Web Project\\Khaja_Point_Web\\Backend\\src\\routes\\orders.js","statementMap":{"0":{"start":{"line":1,"column":16},"end":{"line":1,"column":34}},"1":{"start":{"line":2,"column":14},"end":{"line":2,"column":28}},"2":{"start":{"line":4,"column":34},"end":{"line":4,"column":53}},"3":{"start":{"line":5,"column":38},"end":{"line":5,"column":67}},"4":{"start":{"line":6,"column":49},"end":{"line":6,"column":69}},"5":{"start":{"line":8,"column":15},"end":{"line":8,"column":31}},"6":{"start":{"line":10,"column":23},"end":{"line":23,"column":2}},"7":{"start":{"line":25,"column":23},"end":{"line":28,"column":2}},"8":{"start":{"line":30,"column":22},"end":{"line":42,"column":1}},"9":{"start":{"line":45,"column":2},"end":{"line":45,"column":31}},"10":{"start":{"line":49,"column":21},"end":{"line":49,"column":23}},"11":{"start":{"line":50,"column":23},"end":{"line":50,"column":24}},"12":{"start":{"line":52,"column":2},"end":{"line":70,"column":3}},"13":{"start":{"line":53,"column":21},"end":{"line":53,"column":133}},"14":{"start":{"line":54,"column":4},"end":{"line":58,"column":5}},"15":{"start":{"line":55,"column":18},"end":{"line":55,"column":68}},"16":{"start":{"line":56,"column":6},"end":{"line":56,"column":27}},"17":{"start":{"line":57,"column":6},"end":{"line":57,"column":16}},"18":{"start":{"line":60,"column":21},"end":{"line":60,"column":32}},"19":{"start":{"line":61,"column":29},"end":{"line":61,"column":60}},"20":{"start":{"line":62,"column":4},"end":{"line":62,"column":39}},"21":{"start":{"line":63,"column":4},"end":{"line":69,"column":7}},"22":{"start":{"line":72,"column":29},"end":{"line":72,"column":91}},"23":{"start":{"line":73,"column":20},"end":{"line":73,"column":53}},"24":{"start":{"line":74,"column":22},"end":{"line":74,"column":69}},"25":{"start":{"line":76,"column":2},"end":{"line":76,"column":84}},"26":{"start":{"line":80,"column":27},"end":{"line":84,"column":10}},"27":{"start":{"line":86,"column":22},"end":{"line":102,"column":6}},"28":{"start":{"line":87,"column":4},"end":{"line":101,"column":5}},"29":{"start":{"line":89,"column":8},"end":{"line":89,"column":17}},"30":{"start":{"line":92,"column":8},"end":{"line":92,"column":18}},"31":{"start":{"line":94,"column":8},"end":{"line":94,"column":18}},"32":{"start":{"line":96,"column":8},"end":{"line":96,"column":18}},"33":{"start":{"line":98,"column":8},"end":{"line":98,"column":18}},"34":{"start":{"line":100,"column":8},"end":{"line":100,"column":18}},"35":{"start":{"line":104,"column":2},"end":{"line":120,"column":4}},"36":{"start":{"line":119,"column":52},"end":{"line":119,"column":138}},"37":{"start":{"line":124,"column":2},"end":{"line":128,"column":4}},"38":{"start":{"line":131,"column":0},"end":{"line":189,"column":3}},"39":{"start":{"line":132,"column":2},"end":{"line":188,"column":3}},"40":{"start":{"line":133,"column":17},"end":{"line":133,"column":47}},"41":{"start":{"line":134,"column":15},"end":{"line":134,"column":23}},"42":{"start":{"line":136,"column":87},"end":{"line":136,"column":122}},"43":{"start":{"line":138,"column":4},"end":{"line":138,"column":27}},"44":{"start":{"line":139,"column":24},"end":{"line":157,"column":5}},"45":{"start":{"line":159,"column":20},"end":{"line":159,"column":38}},"46":{"start":{"line":161,"column":4},"end":{"line":169,"column":5}},"47":{"start":{"line":162,"column":6},"end":{"line":168,"column":8}},"48":{"start":{"line":171,"column":4},"end":{"line":171,"column":28}},"49":{"start":{"line":173,"column":4},"end":{"line":177,"column":7}},"50":{"start":{"line":179,"column":4},"end":{"line":184,"column":5}},"51":{"start":{"line":180,"column":17},"end":{"line":180,"column":25}},"52":{"start":{"line":181,"column":6},"end":{"line":181,"column":32}},"53":{"start":{"line":186,"column":19},"end":{"line":186,"column":39}},"54":{"start":{"line":187,"column":4},"end":{"line":187,"column":79}},"55":{"start":{"line":191,"column":0},"end":{"line":203,"column":3}},"56":{"start":{"line":192,"column":2},"end":{"line":202,"column":3}},"57":{"start":{"line":193,"column":15},"end":{"line":193,"column":23}},"58":{"start":{"line":194,"column":19},"end":{"line":198,"column":5}},"59":{"start":{"line":199,"column":4},"end":{"line":199,"column":32}},"60":{"start":{"line":201,"column":4},"end":{"line":201,"column":68}},"61":{"start":{"line":205,"column":0},"end":{"line":223,"column":3}},"62":{"start":{"line":206,"column":2},"end":{"line":222,"column":3}},"63":{"start":{"line":207,"column":15},"end":{"line":207,"column":23}},"64":{"start":{"line":208,"column":20},"end":{"line":208,"column":46}},"65":{"start":{"line":210,"column":18},"end":{"line":210,"column":69}},"66":{"start":{"line":211,"column":4},"end":{"line":211,"column":74}},"67":{"start":{"line":211,"column":16},"end":{"line":211,"column":74}},"68":{"start":{"line":213,"column":18},"end":{"line":217,"column":5}},"69":{"start":{"line":219,"column":4},"end":{"line":219,"column":38}},"70":{"start":{"line":221,"column":4},"end":{"line":221,"column":67}},"71":{"start":{"line":225,"column":0},"end":{"line":243,"column":3}},"72":{"start":{"line":226,"column":2},"end":{"line":242,"column":3}},"73":{"start":{"line":227,"column":15},"end":{"line":227,"column":23}},"74":{"start":{"line":228,"column":20},"end":{"line":228,"column":46}},"75":{"start":{"line":230,"column":18},"end":{"line":230,"column":69}},"76":{"start":{"line":231,"column":4},"end":{"line":231,"column":74}},"77":{"start":{"line":231,"column":16},"end":{"line":231,"column":74}},"78":{"start":{"line":233,"column":18},"end":{"line":237,"column":5}},"79":{"start":{"line":239,"column":4},"end":{"line":239,"column":57}},"80":{"start":{"line":241,"column":4},"end":{"line":241,"column":70}},"81":{"start":{"line":245,"column":0},"end":{"line":265,"column":3}},"82":{"start":{"line":246,"column":2},"end":{"line":264,"column":3}},"83":{"start":{"line":247,"column":17},"end":{"line":247,"column":47}},"84":{"start":{"line":248,"column":15},"end":{"line":248,"column":23}},"85":{"start":{"line":249,"column":20},"end":{"line":249,"column":46}},"86":{"start":{"line":251,"column":18},"end":{"line":251,"column":80}},"87":{"start":{"line":252,"column":4},"end":{"line":252,"column":74}},"88":{"start":{"line":252,"column":16},"end":{"line":252,"column":74}},"89":{"start":{"line":254,"column":4},"end":{"line":258,"column":6}},"90":{"start":{"line":260,"column":4},"end":{"line":260,"column":89}},"91":{"start":{"line":261,"column":4},"end":{"line":261,"column":67}},"92":{"start":{"line":263,"column":4},"end":{"line":263,"column":94}},"93":{"start":{"line":267,"column":0},"end":{"line":288,"column":3}},"94":{"start":{"line":268,"column":2},"end":{"line":287,"column":3}},"95":{"start":{"line":269,"column":15},"end":{"line":269,"column":23}},"96":{"start":{"line":270,"column":20},"end":{"line":270,"column":46}},"97":{"start":{"line":271,"column":23},"end":{"line":271,"column":39}},"98":{"start":{"line":273,"column":4},"end":{"line":275,"column":5}},"99":{"start":{"line":274,"column":6},"end":{"line":274,"column":63}},"100":{"start":{"line":277,"column":4},"end":{"line":281,"column":6}},"101":{"start":{"line":283,"column":4},"end":{"line":283,"column":53}},"102":{"start":{"line":284,"column":4},"end":{"line":284,"column":63}},"103":{"start":{"line":286,"column":4},"end":{"line":286,"column":76}},"104":{"start":{"line":290,"column":0},"end":{"line":290,"column":24}}},"fnMap":{"0":{"name":"centsToInt","decl":{"start":{"line":44,"column":9},"end":{"line":44,"column":19}},"loc":{"start":{"line":44,"column":23},"end":{"line":46,"column":1}},"line":44},"1":{"name":"computeTotals","decl":{"start":{"line":48,"column":15},"end":{"line":48,"column":28}},"loc":{"start":{"line":48,"column":40},"end":{"line":77,"column":1}},"line":48},"2":{"name":"buildTrackingResponse","decl":{"start":{"line":79,"column":9},"end":{"line":79,"column":30}},"loc":{"start":{"line":79,"column":45},"end":{"line":121,"column":1}},"line":79},"3":{"name":"(anonymous_3)","decl":{"start":{"line":86,"column":23},"end":{"line":86,"column":24}},"loc":{"start":{"line":86,"column":29},"end":{"line":102,"column":3}},"line":86},"4":{"name":"(anonymous_4)","decl":{"start":{"line":119,"column":39},"end":{"line":119,"column":40}},"loc":{"start":{"line":119,"column":52},"end":{"line":119,"column":138}},"line":119},"5":{"name":"getOrderIfOwned","decl":{"start":{"line":123,"column":15},"end":{"line":123,"column":30}},"loc":{"start":{"line":123,"column":52},"end":{"line":129,"column":1}},"line":123},"6":{"name":"(anonymous_6)","decl":{"start":{"line":131,"column":30},"end":{"line":131,"column":31}},"loc":{"start":{"line":131,"column":50},"end":{"line":189,"column":1}},"line":131},"7":{"name":"(anonymous_7)","decl":{"start":{"line":191,"column":29},"end":{"line":191,"column":30}},"loc":{"start":{"line":191,"column":49},"end":{"line":203,"column":1}},"line":191},"8":{"name":"(anonymous_8)","decl":{"start":{"line":205,"column":37},"end":{"line":205,"column":38}},"loc":{"start":{"line":205,"column":57},"end":{"line":223,"column":1}},"line":205},"9":{"name":"(anonymous_9)","decl":{"start":{"line":225,"column":46},"end":{"line":225,"column":47}},"loc":{"start":{"line":225,"column":66},"end":{"line":243,"column":1}},"line":225},"10":{"name":"(anonymous_10)","decl":{"start":{"line":245,"column":70},"end":{"line":245,"column":71}},"loc":{"start":{"line":245,"column":90},"end":{"line":265,"column":1}},"line":245},"11":{"name":"(anonymous_11)","decl":{"start":{"line":267,"column":60},"end":{"line":267,"column":61}},"loc":{"start":{"line":267,"column":80},"end":{"line":288,"column":1}},"line":267}},"branchMap":{"0":{"loc":{"start":{"line":54,"column":4},"end":{"line":58,"column":5}},"type":"if","locations":[{"start":{"line":54,"column":4},"end":{"line":58,"column":5}},{"start":{},"end":{}}],"line":54},"1":{"loc":{"start":{"line":72,"column":29},"end":{"line":72,"column":91}},"type":"cond-expr","locations":[{"start":{"line":72,"column":56},"end":{"line":72,"column":57}},{"start":{"line":72,"column":60},"end":{"line":72,"column":91}}],"line":72},"2":{"loc":{"start":{"line":72,"column":60},"end":{"line":72,"column":91}},"type":"cond-expr","locations":[{"start":{"line":72,"column":83},"end":{"line":72,"column":84}},{"start":{"line":72,"column":87},"end":{"line":72,"column":91}}],"line":72},"3":{"loc":{"start":{"line":80,"column":27},"end":{"line":84,"column":10}},"type":"cond-expr","locations":[{"start":{"line":80,"column":68},"end":{"line":84,"column":3}},{"start":{"line":84,"column":6},"end":{"line":84,"column":10}}],"line":80},"4":{"loc":{"start":{"line":80,"column":27},"end":{"line":80,"column":65}},"type":"binary-expr","locations":[{"start":{"line":80,"column":27},"end":{"line":80,"column":44}},{"start":{"line":80,"column":48},"end":{"line":80,"column":65}}],"line":80},"5":{"loc":{"start":{"line":83,"column":16},"end":{"line":83,"column":62}},"type":"binary-expr","locations":[{"start":{"line":83,"column":16},"end":{"line":83,"column":42}},{"start":{"line":83,"column":46},"end":{"line":83,"column":62}}],"line":83},"6":{"loc":{"start":{"line":87,"column":4},"end":{"line":101,"column":5}},"type":"switch","locations":[{"start":{"line":88,"column":6},"end":{"line":89,"column":17}},{"start":{"line":90,"column":6},"end":{"line":90,"column":30}},{"start":{"line":91,"column":6},"end":{"line":92,"column":18}},{"start":{"line":93,"column":6},"end":{"line":94,"column":18}},{"start":{"line":95,"column":6},"end":{"line":96,"column":18}},{"start":{"line":97,"column":6},"end":{"line":98,"column":18}},{"start":{"line":99,"column":6},"end":{"line":100,"column":18}}],"line":87},"7":{"loc":{"start":{"line":151,"column":8},"end":{"line":151,"column":41}},"type":"binary-expr","locations":[{"start":{"line":151,"column":8},"end":{"line":151,"column":33}},{"start":{"line":151,"column":37},"end":{"line":151,"column":41}}],"line":151},"8":{"loc":{"start":{"line":186,"column":19},"end":{"line":186,"column":39}},"type":"binary-expr","locations":[{"start":{"line":186,"column":19},"end":{"line":186,"column":32}},{"start":{"line":186,"column":36},"end":{"line":186,"column":39}}],"line":186},"9":{"loc":{"start":{"line":187,"column":44},"end":{"line":187,"column":75}},"type":"binary-expr","locations":[{"start":{"line":187,"column":44},"end":{"line":187,"column":54}},{"start":{"line":187,"column":58},"end":{"line":187,"column":75}}],"line":187},"10":{"loc":{"start":{"line":211,"column":4},"end":{"line":211,"column":74}},"type":"if","locations":[{"start":{"line":211,"column":4},"end":{"line":211,"column":74}},{"start":{},"end":{}}],"line":211},"11":{"loc":{"start":{"line":231,"column":4},"end":{"line":231,"column":74}},"type":"if","locations":[{"start":{"line":231,"column":4},"end":{"line":231,"column":74}},{"start":{},"end":{}}],"line":231},"12":{"loc":{"start":{"line":252,"column":4},"end":{"line":252,"column":74}},"type":"if","locations":[{"start":{"line":252,"column":4},"end":{"line":252,"column":74}},{"start":{},"end":{}}],"line":252},"13":{"loc":{"start":{"line":263,"column":41},"end":{"line":263,"column":90}},"type":"binary-expr","locations":[{"start":{"line":263,"column":41},"end":{"line":263,"column":51}},{"start":{"line":263,"column":55},"end":{"line":263,"column":90}}],"line":263},"14":{"loc":{"start":{"line":273,"column":4},"end":{"line":275,"column":5}},"type":"if","locations":[{"start":{"line":273,"column":4},"end":{"line":275,"column":5}},{"start":{},"end":{}}],"line":273}},"s":{"0":5,"1":5,"2":5,"3":5,"4":5,"5":5,"6":5,"7":5,"8":5,"9":0,"10":0,"11":0,"12":0,"13":0,"14":0,"15":0,"16":0,"17":0,"18":0,"19":0,"20":0,"21":0,"22":0,"23":0,"24":0,"25":0,"26":0,"27":0,"28":0,"29":0,"30":0,"31":0,"32":0,"33":0,"34":0,"35":0,"36":0,"37":0,"38":5,"39":0,"40":0,"41":0,"42":0,"43":0,"44":0,"45":0,"46":0,"47":0,"48":0,"49":0,"50":0,"51":0,"52":0,"53":0,"54":0,"55":5,"56":0,"57":0,"58":0,"59":0,"60":0,"61":5,"62":0,"63":0,"64":0,"65":0,"66":0,"67":0,"68":0,"69":0,"70":0,"71":5,"72":0,"73":0,"74":0,"75":0,"76":0,"77":0,"78":0,"79":0,"80":0,"81":5,"82":0,"83":0,"84":0,"85":0,"86":0,"87":0,"88":0,"89":0,"90":0,"91":0,"92":0,"93":5,"94":0,"95":0,"96":0,"97":0,"98":0,"99":0,"100":0,"101":0,"102":0,"103":0,"104":5},"f":{"0":0,"1":0,"2":0,"3":0,"4":0,"5":0,"6":0,"7":0,"8":0,"9":0,"10":0,"11":0},"b":{"0":[0,0],"1":[0,0],"2":[0,0],"3":[0,0],"4":[0,0],"5":[0,0],"6":[0,0,0,0,0,0,0],"7":[0,0],"8":[0,0],"9":[0,0],"10":[0,0],"11":[0,0],"12":[0,0],"13":[0,0],"14":[0,0]},"_coverageSchema":"1a1c01bbd47fc00a2c39e90264f33305004495a9","hash":"f439ea8067f12183eba27007bbc773c0f8c50b63"}
}
