TN:
SF:src\server.js
FN:14,(anonymous_0)
FN:32,startServer
FN:34,(anonymous_2)
FN:35,(anonymous_3)
FN:40,(anonymous_4)
FNF:5
FNH:1
FNDA:1,(anonymous_0)
FNDA:0,startServer
FNDA:0,(anonymous_2)
FNDA:0,(anonymous_3)
FNDA:0,(anonymous_4)
DA:1,5
DA:2,5
DA:3,5
DA:4,5
DA:6,5
DA:8,5
DA:9,5
DA:11,5
DA:12,5
DA:14,5
DA:15,1
DA:24,5
DA:25,5
DA:27,5
DA:29,5
DA:30,5
DA:33,0
DA:35,0
DA:37,0
DA:42,0
DA:43,0
DA:47,5
DA:48,0
DA:51,5
LF:24
LH:18
BRDA:27,0,0,5
BRDA:27,0,1,0
BRDA:47,1,0,0
BRDA:47,1,1,5
BRF:4
BRH:2
end_of_record
TN:
SF:src\socket.js
FN:5,attachSocket
FN:13,(anonymous_1)
FN:14,(anonymous_2)
FN:20,(anonymous_3)
FN:30,emitOrderUpdate
FN:35,emitCourierLocation
FNF:6
FNH:1
FNDA:5,attachSocket
FNDA:0,(anonymous_1)
FNDA:0,(anonymous_2)
FNDA:0,(anonymous_3)
FNDA:0,emitOrderUpdate
FNDA:0,emitCourierLocation
DA:1,5
DA:3,5
DA:6,5
DA:13,5
DA:14,0
DA:15,0
DA:16,0
DA:17,0
DA:20,0
DA:21,0
DA:22,0
DA:23,0
DA:27,5
DA:31,0
DA:32,0
DA:36,0
DA:37,0
DA:40,5
LF:18
LH:6
BRDA:16,0,0,0
BRDA:16,0,1,0
BRDA:22,1,0,0
BRDA:22,1,1,0
BRDA:31,2,0,0
BRDA:31,2,1,0
BRDA:31,3,0,0
BRDA:31,3,1,0
BRDA:36,4,0,0
BRDA:36,4,1,0
BRDA:36,5,0,0
BRDA:36,5,1,0
BRF:12
BRH:0
end_of_record
TN:
SF:src\db\db.js
FN:10,usePostgres
FNF:1
FNH:1
FNDA:4,usePostgres
DA:7,4
DA:8,4
DA:11,4
DA:14,4
LF:4
LH:4
BRDA:14,0,0,0
BRDA:14,0,1,4
BRF:2
BRH:1
end_of_record
TN:
SF:src\db\db.sqlite.js
FN:8,openDb
FN:11,(anonymous_1)
FN:21,run
FN:22,(anonymous_3)
FN:23,(anonymous_4)
FN:30,get
FN:31,(anonymous_6)
FN:32,(anonymous_7)
FN:39,all
FN:40,(anonymous_9)
FN:41,(anonymous_10)
FN:48,initDb
FN:102,(anonymous_12)
FN:105,(anonymous_13)
FN:108,(anonymous_14)
FNF:15
FNH:0
FNDA:0,openDb
FNDA:0,(anonymous_1)
FNDA:0,run
FNDA:0,(anonymous_3)
FNDA:0,(anonymous_4)
FNDA:0,get
FNDA:0,(anonymous_6)
FNDA:0,(anonymous_7)
FNDA:0,all
FNDA:0,(anonymous_9)
FNDA:0,(anonymous_10)
FNDA:0,initDb
FNDA:0,(anonymous_12)
FNDA:0,(anonymous_13)
FNDA:0,(anonymous_14)
DA:1,4
DA:2,4
DA:4,4
DA:6,4
DA:9,0
DA:11,0
DA:12,0
DA:14,0
DA:18,0
DA:22,0
DA:23,0
DA:24,0
DA:25,0
DA:31,0
DA:32,0
DA:33,0
DA:34,0
DA:40,0
DA:41,0
DA:42,0
DA:43,0
DA:49,0
DA:51,0
DA:53,0
DA:65,0
DA:78,0
DA:101,0
DA:102,0
DA:103,0
DA:105,0
DA:106,0
DA:108,0
DA:109,0
DA:112,0
DA:126,0
DA:127,0
DA:128,0
DA:130,0
DA:131,0
DA:132,0
DA:133,0
DA:140,0
DA:290,0
DA:291,0
DA:292,0
DA:293,0
DA:301,0
DA:304,4
LF:48
LH:5
BRDA:4,0,0,4
BRDA:4,0,1,4
BRDA:9,1,0,0
BRDA:9,1,1,0
BRDA:12,2,0,0
BRDA:12,2,1,0
BRDA:21,3,0,0
BRDA:24,4,0,0
BRDA:24,4,1,0
BRDA:30,5,0,0
BRDA:33,6,0,0
BRDA:33,6,1,0
BRDA:39,7,0,0
BRDA:42,8,0,0
BRDA:42,8,1,0
BRDA:102,9,0,0
BRDA:102,9,1,0
BRDA:105,10,0,0
BRDA:105,10,1,0
BRDA:108,11,0,0
BRDA:108,11,1,0
BRDA:126,12,0,0
BRDA:126,12,1,0
BRDA:127,13,0,0
BRDA:127,13,1,0
BRDA:131,14,0,0
BRDA:131,14,1,0
BRDA:292,15,0,0
BRDA:292,15,1,0
BRF:29
BRH:2
end_of_record
TN:
SF:src\db\postgres.js
FN:3,getPool
FN:13,openDb
FN:19,run
FN:24,get
FN:29,all
FNF:5
FNH:0
FNDA:0,getPool
FNDA:0,openDb
FNDA:0,run
FNDA:0,get
FNDA:0,all
DA:1,4
DA:4,0
DA:5,0
DA:6,0
DA:8,0
DA:14,0
DA:15,0
DA:16,0
DA:20,0
DA:21,0
DA:25,0
DA:26,0
DA:30,0
DA:31,0
DA:34,4
LF:15
LH:2
BRDA:5,0,0,0
BRDA:5,0,1,0
BRDA:14,1,0,0
BRDA:14,1,1,0
BRDA:19,2,0,0
BRDA:24,3,0,0
BRDA:26,4,0,0
BRDA:26,4,1,0
BRDA:29,5,0,0
BRF:9
BRH:0
end_of_record
TN:
SF:src\middleware\auth.js
FN:3,getBearerToken
FN:11,requireAuth
FN:28,requireAdmin
FNF:3
FNH:2
FNDA:1,getBearerToken
FNDA:1,requireAuth
FNDA:0,requireAdmin
DA:1,2
DA:4,1
DA:5,1
DA:6,0
DA:7,0
DA:8,0
DA:12,1
DA:13,1
DA:14,1
DA:15,1
DA:18,0
DA:19,0
DA:21,0
DA:22,0
DA:24,0
DA:29,0
DA:30,0
DA:31,0
DA:34,2
LF:19
LH:8
BRDA:5,0,0,1
BRDA:5,0,1,0
BRDA:7,1,0,0
BRDA:7,1,1,0
BRDA:7,2,0,0
BRDA:7,2,1,0
BRDA:14,3,0,1
BRDA:14,3,1,0
BRDA:18,4,0,0
BRDA:18,4,1,0
BRDA:29,5,0,0
BRDA:29,5,1,0
BRDA:30,6,0,0
BRDA:30,6,1,0
BRF:14
BRH:2
end_of_record
TN:
SF:src\model\userModel.js
FN:1,findUserByEmail
FN:5,getAllUsers
FN:9,getUserById
FN:13,deleteUser
FN:17,updateUser
FNF:5
FNH:0
FNDA:0,findUserByEmail
FNDA:0,getAllUsers
FNDA:0,getUserById
FNDA:0,deleteUser
FNDA:0,updateUser
DA:2,0
DA:6,0
DA:10,0
DA:14,0
DA:18,0
DA:21,1
LF:6
LH:1
BRF:0
BRH:0
end_of_record
TN:
SF:src\routes\adminOrders.js
FN:34,computeOrderTotals
FN:63,(anonymous_1)
FN:81,(anonymous_2)
FN:139,(anonymous_3)
FNF:4
FNH:0
FNDA:0,computeOrderTotals
FNDA:0,(anonymous_1)
FNDA:0,(anonymous_2)
FNDA:0,(anonymous_3)
DA:1,5
DA:2,5
DA:3,5
DA:4,5
DA:6,5
DA:8,5
DA:20,5
DA:35,0
DA:36,0
DA:38,0
DA:39,0
DA:40,0
DA:41,0
DA:42,0
DA:43,0
DA:45,0
DA:46,0
DA:47,0
DA:56,0
DA:57,0
DA:58,0
DA:60,0
DA:63,5
DA:64,0
DA:65,0
DA:66,0
DA:75,0
DA:77,0
DA:81,5
DA:82,0
DA:83,0
DA:84,0
DA:85,0
DA:88,0
DA:89,0
DA:90,0
DA:91,0
DA:94,0
DA:96,0
DA:97,0
DA:117,0
DA:118,0
DA:119,0
DA:127,0
DA:128,0
DA:130,0
DA:131,0
DA:132,0
DA:134,0
DA:135,0
DA:139,5
DA:140,0
DA:141,0
DA:142,0
DA:143,0
DA:146,0
DA:147,0
DA:148,0
DA:149,0
DA:152,0
DA:153,0
DA:155,0
DA:159,5
LF:63
LH:11
BRDA:40,0,0,0
BRDA:40,0,1,0
BRDA:56,1,0,0
BRDA:56,1,1,0
BRDA:84,2,0,0
BRDA:84,2,1,0
BRDA:90,3,0,0
BRDA:90,3,1,0
BRDA:109,4,0,0
BRDA:109,4,1,0
BRDA:134,5,0,0
BRDA:134,5,1,0
BRDA:135,6,0,0
BRDA:135,6,1,0
BRDA:142,7,0,0
BRDA:142,7,1,0
BRDA:142,8,0,0
BRDA:142,8,1,0
BRDA:148,9,0,0
BRDA:148,9,1,0
BRF:20
BRH:0
end_of_record
TN:
SF:src\routes\auth.js
FN:22,signToken
FN:27,(anonymous_1)
FN:54,(anonymous_2)
FN:76,(anonymous_3)
FNF:4
FNH:3
FNDA:1,signToken
FNDA:1,(anonymous_1)
FNDA:1,(anonymous_2)
FNDA:0,(anonymous_3)
DA:1,5
DA:2,5
DA:3,5
DA:4,5
DA:6,5
DA:7,5
DA:9,5
DA:11,5
DA:17,5
DA:23,1
DA:24,1
DA:27,5
DA:28,1
DA:29,1
DA:31,1
DA:32,1
DA:33,1
DA:35,1
DA:36,1
DA:42,1
DA:43,1
DA:45,1
DA:50,0
DA:54,5
DA:55,1
DA:56,1
DA:57,1
DA:59,1
DA:60,1
DA:62,0
DA:63,0
DA:65,0
DA:67,0
DA:72,0
DA:76,5
DA:77,0
DA:80,5
LF:37
LH:30
BRDA:23,0,0,1
BRDA:23,0,1,0
BRDA:33,1,0,0
BRDA:33,1,1,1
BRDA:50,2,0,0
BRDA:50,2,1,0
BRDA:60,3,0,1
BRDA:60,3,1,0
BRDA:63,4,0,0
BRDA:63,4,1,0
BRDA:72,5,0,0
BRDA:72,5,1,0
BRF:12
BRH:3
end_of_record
TN:
SF:src\routes\esewa.js
FN:13,processEsewaPayment
FN:22,(anonymous_1)
FN:26,(anonymous_2)
FNF:3
FNH:0
FNDA:0,processEsewaPayment
FNDA:0,(anonymous_1)
FNDA:0,(anonymous_2)
DA:1,5
DA:2,5
DA:3,5
DA:4,5
DA:5,5
DA:7,5
DA:9,5
DA:14,0
DA:15,0
DA:16,0
DA:17,0
DA:19,0
DA:20,0
DA:22,0
DA:23,0
DA:27,0
DA:28,0
DA:33,0
DA:35,0
DA:36,0
DA:38,0
DA:40,0
DA:50,0
DA:54,5
DA:55,5
DA:57,5
LF:26
LH:10
BRDA:17,0,0,0
BRDA:17,0,1,0
BRDA:17,1,0,0
BRDA:17,1,1,0
BRDA:19,2,0,0
BRDA:19,2,1,0
BRDA:27,3,0,0
BRDA:27,3,1,0
BRDA:33,4,0,0
BRDA:33,4,1,0
BRDA:35,5,0,0
BRDA:35,5,1,0
BRDA:46,6,0,0
BRDA:46,6,1,0
BRDA:50,7,0,0
BRDA:50,7,1,0
BRF:16
BRH:0
end_of_record
TN:
SF:src\routes\index.js
FN:8,(anonymous_0)
FN:17,(anonymous_1)
FN:41,(anonymous_2)
FN:50,(anonymous_3)
FN:62,(anonymous_4)
FN:74,(anonymous_5)
FN:104,(anonymous_6)
FNF:7
FNH:5
FNDA:0,(anonymous_0)
FNDA:8,(anonymous_1)
FNDA:3,(anonymous_2)
FNDA:3,(anonymous_3)
FNDA:5,(anonymous_4)
FNDA:8,(anonymous_5)
FNDA:0,(anonymous_6)
DA:1,5
DA:2,5
DA:3,5
DA:4,5
DA:6,5
DA:8,5
DA:9,0
DA:17,5
DA:18,8
DA:19,8
DA:20,8
DA:21,2
DA:24,6
DA:25,5
DA:26,1
DA:29,4
DA:30,3
DA:31,1
DA:34,2
DA:35,1
DA:37,3
DA:41,5
DA:42,3
DA:43,3
DA:44,2
DA:46,1
DA:50,5
DA:51,3
DA:52,3
DA:53,2
DA:54,1
DA:56,1
DA:58,1
DA:62,5
DA:63,5
DA:64,5
DA:65,4
DA:66,1
DA:68,3
DA:70,1
DA:74,5
DA:75,8
DA:76,8
DA:77,8
DA:78,2
DA:81,6
DA:82,6
DA:83,2
DA:84,1
DA:86,4
DA:89,4
DA:90,1
DA:93,3
DA:95,2
DA:99,5
DA:100,5
DA:101,5
DA:102,5
DA:103,5
DA:104,5
DA:106,5
LF:61
LH:60
BRDA:19,0,0,8
BRDA:19,0,1,0
BRDA:20,1,0,2
BRDA:20,1,1,6
BRDA:20,2,0,8
BRDA:20,2,1,7
BRDA:25,3,0,1
BRDA:25,3,1,4
BRDA:30,4,0,1
BRDA:30,4,1,2
BRDA:53,5,0,1
BRDA:53,5,1,1
BRDA:65,6,0,1
BRDA:65,6,1,3
BRDA:76,7,0,8
BRDA:76,7,1,0
BRDA:77,8,0,2
BRDA:77,8,1,6
BRDA:77,9,0,8
BRDA:77,9,1,7
BRDA:82,10,0,2
BRDA:82,10,1,4
BRDA:89,11,0,1
BRDA:89,11,1,3
BRF:24
BRH:22
end_of_record
TN:
SF:src\routes\menu.js
FN:7,(anonymous_0)
FN:61,(anonymous_1)
FN:82,(anonymous_2)
FNF:3
FNH:0
FNDA:0,(anonymous_0)
FNDA:0,(anonymous_1)
FNDA:0,(anonymous_2)
DA:1,5
DA:3,5
DA:5,5
DA:7,5
DA:8,0
DA:9,0
DA:10,0
DA:15,0
DA:61,0
DA:62,0
DA:63,0
DA:64,0
DA:73,0
DA:76,0
DA:78,0
DA:82,5
DA:83,0
DA:84,0
DA:85,0
DA:86,0
DA:87,0
DA:88,0
DA:90,0
DA:94,5
LF:24
LH:6
BRDA:62,0,0,0
BRDA:62,0,1,0
BRDA:63,1,0,0
BRDA:63,1,1,0
BRDA:87,2,0,0
BRDA:87,2,1,0
BRF:6
BRH:0
end_of_record
TN:
SF:src\routes\orders.js
FN:44,centsToInt
FN:48,computeTotals
FN:79,buildTrackingResponse
FN:86,(anonymous_3)
FN:119,(anonymous_4)
FN:123,getOrderIfOwned
FN:131,(anonymous_6)
FN:191,(anonymous_7)
FN:205,(anonymous_8)
FN:225,(anonymous_9)
FN:245,(anonymous_10)
FN:267,(anonymous_11)
FNF:12
FNH:0
FNDA:0,centsToInt
FNDA:0,computeTotals
FNDA:0,buildTrackingResponse
FNDA:0,(anonymous_3)
FNDA:0,(anonymous_4)
FNDA:0,getOrderIfOwned
FNDA:0,(anonymous_6)
FNDA:0,(anonymous_7)
FNDA:0,(anonymous_8)
FNDA:0,(anonymous_9)
FNDA:0,(anonymous_10)
FNDA:0,(anonymous_11)
DA:1,5
DA:2,5
DA:4,5
DA:5,5
DA:6,5
DA:8,5
DA:10,5
DA:25,5
DA:30,5
DA:45,0
DA:49,0
DA:50,0
DA:52,0
DA:53,0
DA:54,0
DA:55,0
DA:56,0
DA:57,0
DA:60,0
DA:61,0
DA:62,0
DA:63,0
DA:72,0
DA:73,0
DA:74,0
DA:76,0
DA:80,0
DA:86,0
DA:87,0
DA:89,0
DA:92,0
DA:94,0
DA:96,0
DA:98,0
DA:100,0
DA:104,0
DA:119,0
DA:124,0
DA:131,5
DA:132,0
DA:133,0
DA:134,0
DA:136,0
DA:138,0
DA:139,0
DA:159,0
DA:161,0
DA:162,0
DA:171,0
DA:173,0
DA:179,0
DA:180,0
DA:181,0
DA:186,0
DA:187,0
DA:191,5
DA:192,0
DA:193,0
DA:194,0
DA:199,0
DA:201,0
DA:205,5
DA:206,0
DA:207,0
DA:208,0
DA:210,0
DA:211,0
DA:213,0
DA:219,0
DA:221,0
DA:225,5
DA:226,0
DA:227,0
DA:228,0
DA:230,0
DA:231,0
DA:233,0
DA:239,0
DA:241,0
DA:245,5
DA:246,0
DA:247,0
DA:248,0
DA:249,0
DA:251,0
DA:252,0
DA:254,0
DA:260,0
DA:261,0
DA:263,0
DA:267,5
DA:268,0
DA:269,0
DA:270,0
DA:271,0
DA:273,0
DA:274,0
DA:277,0
DA:283,0
DA:284,0
DA:286,0
DA:290,5
LF:102
LH:16
BRDA:54,0,0,0
BRDA:54,0,1,0
BRDA:72,1,0,0
BRDA:72,1,1,0
BRDA:72,2,0,0
BRDA:72,2,1,0
BRDA:80,3,0,0
BRDA:80,3,1,0
BRDA:80,4,0,0
BRDA:80,4,1,0
BRDA:83,5,0,0
BRDA:83,5,1,0
BRDA:87,6,0,0
BRDA:87,6,1,0
BRDA:87,6,2,0
BRDA:87,6,3,0
BRDA:87,6,4,0
BRDA:87,6,5,0
BRDA:87,6,6,0
BRDA:151,7,0,0
BRDA:151,7,1,0
BRDA:186,8,0,0
BRDA:186,8,1,0
BRDA:187,9,0,0
BRDA:187,9,1,0
BRDA:211,10,0,0
BRDA:211,10,1,0
BRDA:231,11,0,0
BRDA:231,11,1,0
BRDA:252,12,0,0
BRDA:252,12,1,0
BRDA:263,13,0,0
BRDA:263,13,1,0
BRDA:273,14,0,0
BRDA:273,14,1,0
BRF:35
BRH:0
end_of_record
